[debug] [2025-03-04T02:45:38.060Z] ----------------------------------------------------------------------
[debug] [2025-03-04T02:45:38.062Z] Command:       /Users/shawn/.nvm/versions/node/v20.18.3/bin/node /Users/shawn/.nvm/versions/node/v20.18.3/bin/firebase deploy
[debug] [2025-03-04T02:45:38.062Z] CLI Version:   13.32.0
[debug] [2025-03-04T02:45:38.062Z] Platform:      darwin
[debug] [2025-03-04T02:45:38.062Z] Node Version:  v20.18.3
[debug] [2025-03-04T02:45:38.062Z] Time:          Mon Mar 03 2025 23:45:38 GMT-0300 (Brasilia Standard Time)
[debug] [2025-03-04T02:45:38.062Z] ----------------------------------------------------------------------
[debug] 
[debug] [2025-03-04T02:45:38.064Z] >>> [apiv2][query] GET https://firebase-public.firebaseio.com/cli.json [none]
[debug] [2025-03-04T02:45:38.182Z] > command requires scopes: ["email","openid","https://www.googleapis.com/auth/cloudplatformprojects.readonly","https://www.googleapis.com/auth/firebase","https://www.googleapis.com/auth/cloud-platform"]
[debug] [2025-03-04T02:45:38.182Z] > authorizing via signed-in user (sstewart32619@gmail.com)
[debug] [2025-03-04T02:45:38.182Z] [iam] checking project ingles-a-bordo for permissions ["cloudfunctions.functions.create","cloudfunctions.functions.delete","cloudfunctions.functions.get","cloudfunctions.functions.list","cloudfunctions.functions.update","cloudfunctions.operations.get","datastore.indexes.create","datastore.indexes.delete","datastore.indexes.list","datastore.indexes.update","firebase.projects.get","firebasehosting.sites.update","firebaserules.releases.create","firebaserules.releases.update","firebaserules.rulesets.create"]
[debug] [2025-03-04T02:45:38.183Z] Checked if tokens are valid: false, expires at: 1740979675259
[debug] [2025-03-04T02:45:38.183Z] Checked if tokens are valid: false, expires at: 1740979675259
[debug] [2025-03-04T02:45:38.183Z] > refreshing access token with scopes: []
[debug] [2025-03-04T02:45:38.183Z] >>> [apiv2][query] POST https://www.googleapis.com/oauth2/v3/token [none]
[debug] [2025-03-04T02:45:38.183Z] >>> [apiv2][body] POST https://www.googleapis.com/oauth2/v3/token [omitted]
[debug] [2025-03-04T02:45:38.395Z] <<< [apiv2][status] POST https://www.googleapis.com/oauth2/v3/token 200
[debug] [2025-03-04T02:45:38.395Z] <<< [apiv2][body] POST https://www.googleapis.com/oauth2/v3/token [omitted]
[debug] [2025-03-04T02:45:38.409Z] >>> [apiv2][query] POST https://cloudresourcemanager.googleapis.com/v1/projects/ingles-a-bordo:testIamPermissions [none]
[debug] [2025-03-04T02:45:38.409Z] >>> [apiv2][(partial)header] POST https://cloudresourcemanager.googleapis.com/v1/projects/ingles-a-bordo:testIamPermissions x-goog-quota-user=projects/ingles-a-bordo
[debug] [2025-03-04T02:45:38.409Z] >>> [apiv2][body] POST https://cloudresourcemanager.googleapis.com/v1/projects/ingles-a-bordo:testIamPermissions {"permissions":["cloudfunctions.functions.create","cloudfunctions.functions.delete","cloudfunctions.functions.get","cloudfunctions.functions.list","cloudfunctions.functions.update","cloudfunctions.operations.get","datastore.indexes.create","datastore.indexes.delete","datastore.indexes.list","datastore.indexes.update","firebase.projects.get","firebasehosting.sites.update","firebaserules.releases.create","firebaserules.releases.update","firebaserules.rulesets.create"]}
[debug] [2025-03-04T02:45:38.669Z] <<< [apiv2][status] GET https://firebase-public.firebaseio.com/cli.json 200
[debug] [2025-03-04T02:45:38.669Z] <<< [apiv2][body] GET https://firebase-public.firebaseio.com/cli.json {"cloudBuildErrorAfter":1594252800000,"cloudBuildWarnAfter":1590019200000,"defaultNode10After":1594252800000,"minVersion":"3.0.5","node8DeploysDisabledAfter":1613390400000,"node8RuntimeDisabledAfter":1615809600000,"node8WarnAfter":1600128000000}
[debug] [2025-03-04T02:45:39.551Z] <<< [apiv2][status] POST https://cloudresourcemanager.googleapis.com/v1/projects/ingles-a-bordo:testIamPermissions 200
[debug] [2025-03-04T02:45:39.551Z] <<< [apiv2][body] POST https://cloudresourcemanager.googleapis.com/v1/projects/ingles-a-bordo:testIamPermissions {"permissions":["cloudfunctions.functions.create","cloudfunctions.functions.delete","cloudfunctions.functions.get","cloudfunctions.functions.list","cloudfunctions.functions.update","cloudfunctions.operations.get","datastore.indexes.create","datastore.indexes.delete","datastore.indexes.list","datastore.indexes.update","firebase.projects.get","firebasehosting.sites.update","firebaserules.releases.create","firebaserules.releases.update","firebaserules.rulesets.create"]}
[debug] [2025-03-04T02:45:39.552Z] Checked if tokens are valid: true, expires at: 1741059937395
[debug] [2025-03-04T02:45:39.552Z] Checked if tokens are valid: true, expires at: 1741059937395
[debug] [2025-03-04T02:45:39.552Z] >>> [apiv2][query] POST https://iam.googleapis.com/v1/projects/ingles-a-bordo/serviceAccounts/ingles-a-bordo@appspot.gserviceaccount.com:testIamPermissions [none]
[debug] [2025-03-04T02:45:39.552Z] >>> [apiv2][body] POST https://iam.googleapis.com/v1/projects/ingles-a-bordo/serviceAccounts/ingles-a-bordo@appspot.gserviceaccount.com:testIamPermissions {"permissions":["iam.serviceAccounts.actAs"]}
[debug] [2025-03-04T02:45:40.709Z] <<< [apiv2][status] POST https://iam.googleapis.com/v1/projects/ingles-a-bordo/serviceAccounts/ingles-a-bordo@appspot.gserviceaccount.com:testIamPermissions 200
[debug] [2025-03-04T02:45:40.710Z] <<< [apiv2][body] POST https://iam.googleapis.com/v1/projects/ingles-a-bordo/serviceAccounts/ingles-a-bordo@appspot.gserviceaccount.com:testIamPermissions {"permissions":["iam.serviceAccounts.actAs"]}
[debug] [2025-03-04T02:45:40.711Z] Checked if tokens are valid: true, expires at: 1741059937395
[debug] [2025-03-04T02:45:40.711Z] Checked if tokens are valid: true, expires at: 1741059937395
[debug] [2025-03-04T02:45:40.712Z] >>> [apiv2][query] GET https://firebase.googleapis.com/v1beta1/projects/ingles-a-bordo [none]
[debug] [2025-03-04T02:45:41.416Z] <<< [apiv2][status] GET https://firebase.googleapis.com/v1beta1/projects/ingles-a-bordo 200
[debug] [2025-03-04T02:45:41.416Z] <<< [apiv2][body] GET https://firebase.googleapis.com/v1beta1/projects/ingles-a-bordo {"projectId":"ingles-a-bordo","projectNumber":"1057881499048","displayName":"Ingles a Bordo","name":"projects/ingles-a-bordo","resources":{"hostingSite":"ingles-a-bordo"},"state":"ACTIVE","etag":"1_1ee1cdd1-5e87-44c0-ba07-3c28624bbdb7"}
[info] 
[info] === Deploying to 'ingles-a-bordo'...
[info] 
[info] i  deploying storage, firestore, functions, hosting 
[info] Running command: npm --prefix "$RESOURCE_DIR" run lint
[info] Running command: npm --prefix "$RESOURCE_DIR" run build
[info] ✔  functions: Finished running predeploy script. 
[info] i  storage: ensuring required API firebasestorage.googleapis.com is enabled... 
[debug] [2025-03-04T02:45:42.921Z] Checked if tokens are valid: true, expires at: 1741059937395
[debug] [2025-03-04T02:45:42.921Z] Checked if tokens are valid: true, expires at: 1741059937395
[debug] [2025-03-04T02:45:42.921Z] >>> [apiv2][query] GET https://serviceusage.googleapis.com/v1/projects/ingles-a-bordo/services/firebasestorage.googleapis.com [none]
[debug] [2025-03-04T02:45:42.921Z] >>> [apiv2][(partial)header] GET https://serviceusage.googleapis.com/v1/projects/ingles-a-bordo/services/firebasestorage.googleapis.com x-goog-quota-user=projects/ingles-a-bordo
[debug] [2025-03-04T02:45:44.364Z] <<< [apiv2][status] GET https://serviceusage.googleapis.com/v1/projects/ingles-a-bordo/services/firebasestorage.googleapis.com 200
[debug] [2025-03-04T02:45:44.364Z] <<< [apiv2][body] GET https://serviceusage.googleapis.com/v1/projects/ingles-a-bordo/services/firebasestorage.googleapis.com [omitted]
[info] ✔  storage: required API firebasestorage.googleapis.com is enabled 
[debug] [2025-03-04T02:45:44.365Z] Checked if tokens are valid: true, expires at: 1741059937395
[debug] [2025-03-04T02:45:44.365Z] Checked if tokens are valid: true, expires at: 1741059937395
[debug] [2025-03-04T02:45:44.365Z] >>> [apiv2][query] GET https://firebasestorage.googleapis.com/v1alpha/projects/ingles-a-bordo/defaultBucket [none]
[debug] [2025-03-04T02:45:45.624Z] <<< [apiv2][status] GET https://firebasestorage.googleapis.com/v1alpha/projects/ingles-a-bordo/defaultBucket 200
[debug] [2025-03-04T02:45:45.624Z] <<< [apiv2][body] GET https://firebasestorage.googleapis.com/v1alpha/projects/ingles-a-bordo/defaultBucket {"name":"projects/ingles-a-bordo/defaultBucket","location":"US-CENTRAL1","bucket":{"name":"projects/ingles-a-bordo/buckets/ingles-a-bordo.firebasestorage.app"},"storageClass":"REGIONAL"}
[info] i  firebase.storage: checking storage.rules for compilation errors... 
[debug] [2025-03-04T02:45:45.627Z] Checked if tokens are valid: true, expires at: 1741059937395
[debug] [2025-03-04T02:45:45.627Z] Checked if tokens are valid: true, expires at: 1741059937395
[debug] [2025-03-04T02:45:45.627Z] >>> [apiv2][query] POST https://firebaserules.googleapis.com/v1/projects/ingles-a-bordo:test [none]
[debug] [2025-03-04T02:45:45.628Z] >>> [apiv2][body] POST https://firebaserules.googleapis.com/v1/projects/ingles-a-bordo:test [omitted]
[debug] [2025-03-04T02:45:46.857Z] <<< [apiv2][status] POST https://firebaserules.googleapis.com/v1/projects/ingles-a-bordo:test 200
[debug] [2025-03-04T02:45:46.857Z] <<< [apiv2][body] POST https://firebaserules.googleapis.com/v1/projects/ingles-a-bordo:test {}
[info] ✔  firebase.storage: rules file storage.rules compiled successfully 
[info] i  firestore: reading indexes from firestore.indexes.json... 
[info] i  cloud.firestore: checking firestore.rules for compilation errors... 
[debug] [2025-03-04T02:45:46.862Z] Checked if tokens are valid: true, expires at: 1741059937395
[debug] [2025-03-04T02:45:46.862Z] Checked if tokens are valid: true, expires at: 1741059937395
[debug] [2025-03-04T02:45:46.862Z] >>> [apiv2][query] POST https://firebaserules.googleapis.com/v1/projects/ingles-a-bordo:test [none]
[debug] [2025-03-04T02:45:46.862Z] >>> [apiv2][body] POST https://firebaserules.googleapis.com/v1/projects/ingles-a-bordo:test [omitted]
[debug] [2025-03-04T02:45:47.835Z] <<< [apiv2][status] POST https://firebaserules.googleapis.com/v1/projects/ingles-a-bordo:test 200
[debug] [2025-03-04T02:45:47.836Z] <<< [apiv2][body] POST https://firebaserules.googleapis.com/v1/projects/ingles-a-bordo:test {}
[info] ✔  cloud.firestore: rules file firestore.rules compiled successfully 
[debug] [2025-03-04T02:45:47.838Z] Checked if tokens are valid: true, expires at: 1741059937395
[debug] [2025-03-04T02:45:47.838Z] Checked if tokens are valid: true, expires at: 1741059937395
[debug] [2025-03-04T02:45:47.838Z] >>> [apiv2][query] GET https://cloudresourcemanager.googleapis.com/v1/projects/ingles-a-bordo [none]
[debug] [2025-03-04T02:45:48.719Z] <<< [apiv2][status] GET https://cloudresourcemanager.googleapis.com/v1/projects/ingles-a-bordo 200
[debug] [2025-03-04T02:45:48.719Z] <<< [apiv2][body] GET https://cloudresourcemanager.googleapis.com/v1/projects/ingles-a-bordo {"projectNumber":"1057881499048","projectId":"ingles-a-bordo","lifecycleState":"ACTIVE","name":"Ingles a Bordo","labels":{"firebase":"enabled","firebase-core":"disabled"},"createTime":"2025-02-08T02:39:53.925315Z"}
[info] i  functions: preparing codebase default for deployment 
[info] i  functions: ensuring required API cloudfunctions.googleapis.com is enabled... 
[debug] [2025-03-04T02:45:48.721Z] Checked if tokens are valid: true, expires at: 1741059937395
[debug] [2025-03-04T02:45:48.721Z] Checked if tokens are valid: true, expires at: 1741059937395
[debug] [2025-03-04T02:45:48.722Z] Checked if tokens are valid: true, expires at: 1741059937395
[debug] [2025-03-04T02:45:48.722Z] Checked if tokens are valid: true, expires at: 1741059937395
[info] i  functions: ensuring required API cloudbuild.googleapis.com is enabled... 
[debug] [2025-03-04T02:45:48.722Z] Checked if tokens are valid: true, expires at: 1741059937395
[debug] [2025-03-04T02:45:48.722Z] Checked if tokens are valid: true, expires at: 1741059937395
[info] i  artifactregistry: ensuring required API artifactregistry.googleapis.com is enabled... 
[debug] [2025-03-04T02:45:48.722Z] Checked if tokens are valid: true, expires at: 1741059937395
[debug] [2025-03-04T02:45:48.722Z] Checked if tokens are valid: true, expires at: 1741059937395
[debug] [2025-03-04T02:45:48.723Z] >>> [apiv2][query] GET https://serviceusage.googleapis.com/v1/projects/ingles-a-bordo/services/cloudfunctions.googleapis.com [none]
[debug] [2025-03-04T02:45:48.723Z] >>> [apiv2][(partial)header] GET https://serviceusage.googleapis.com/v1/projects/ingles-a-bordo/services/cloudfunctions.googleapis.com x-goog-quota-user=projects/ingles-a-bordo
[debug] [2025-03-04T02:45:48.725Z] >>> [apiv2][query] GET https://serviceusage.googleapis.com/v1/projects/ingles-a-bordo/services/runtimeconfig.googleapis.com [none]
[debug] [2025-03-04T02:45:48.725Z] >>> [apiv2][(partial)header] GET https://serviceusage.googleapis.com/v1/projects/ingles-a-bordo/services/runtimeconfig.googleapis.com x-goog-quota-user=projects/ingles-a-bordo
[debug] [2025-03-04T02:45:48.728Z] >>> [apiv2][query] GET https://serviceusage.googleapis.com/v1/projects/ingles-a-bordo/services/cloudbuild.googleapis.com [none]
[debug] [2025-03-04T02:45:48.728Z] >>> [apiv2][(partial)header] GET https://serviceusage.googleapis.com/v1/projects/ingles-a-bordo/services/cloudbuild.googleapis.com x-goog-quota-user=projects/ingles-a-bordo
[debug] [2025-03-04T02:45:48.730Z] >>> [apiv2][query] GET https://serviceusage.googleapis.com/v1/projects/ingles-a-bordo/services/artifactregistry.googleapis.com [none]
[debug] [2025-03-04T02:45:48.731Z] >>> [apiv2][(partial)header] GET https://serviceusage.googleapis.com/v1/projects/ingles-a-bordo/services/artifactregistry.googleapis.com x-goog-quota-user=projects/ingles-a-bordo
[debug] [2025-03-04T02:45:49.078Z] <<< [apiv2][status] GET https://serviceusage.googleapis.com/v1/projects/ingles-a-bordo/services/cloudfunctions.googleapis.com 200
[debug] [2025-03-04T02:45:49.078Z] <<< [apiv2][body] GET https://serviceusage.googleapis.com/v1/projects/ingles-a-bordo/services/cloudfunctions.googleapis.com [omitted]
[info] ✔  functions: required API cloudfunctions.googleapis.com is enabled 
[debug] [2025-03-04T02:45:49.758Z] <<< [apiv2][status] GET https://serviceusage.googleapis.com/v1/projects/ingles-a-bordo/services/runtimeconfig.googleapis.com 200
[debug] [2025-03-04T02:45:49.758Z] <<< [apiv2][body] GET https://serviceusage.googleapis.com/v1/projects/ingles-a-bordo/services/runtimeconfig.googleapis.com [omitted]
[debug] [2025-03-04T02:45:49.759Z] <<< [apiv2][status] GET https://serviceusage.googleapis.com/v1/projects/ingles-a-bordo/services/artifactregistry.googleapis.com 200
[debug] [2025-03-04T02:45:49.760Z] <<< [apiv2][body] GET https://serviceusage.googleapis.com/v1/projects/ingles-a-bordo/services/artifactregistry.googleapis.com [omitted]
[info] ✔  artifactregistry: required API artifactregistry.googleapis.com is enabled 
[debug] [2025-03-04T02:45:49.761Z] <<< [apiv2][status] GET https://serviceusage.googleapis.com/v1/projects/ingles-a-bordo/services/cloudbuild.googleapis.com 200
[debug] [2025-03-04T02:45:49.761Z] <<< [apiv2][body] GET https://serviceusage.googleapis.com/v1/projects/ingles-a-bordo/services/cloudbuild.googleapis.com [omitted]
[info] ✔  functions: required API cloudbuild.googleapis.com is enabled 
[debug] [2025-03-04T02:45:49.762Z] Checked if tokens are valid: true, expires at: 1741059937395
[debug] [2025-03-04T02:45:49.762Z] Checked if tokens are valid: true, expires at: 1741059937395
[debug] [2025-03-04T02:45:49.762Z] >>> [apiv2][query] GET https://firebase.googleapis.com/v1beta1/projects/ingles-a-bordo/adminSdkConfig [none]
[debug] [2025-03-04T02:45:50.245Z] <<< [apiv2][status] GET https://firebase.googleapis.com/v1beta1/projects/ingles-a-bordo/adminSdkConfig 200
[debug] [2025-03-04T02:45:50.245Z] <<< [apiv2][body] GET https://firebase.googleapis.com/v1beta1/projects/ingles-a-bordo/adminSdkConfig {"projectId":"ingles-a-bordo","storageBucket":"ingles-a-bordo.firebasestorage.app"}
[debug] [2025-03-04T02:45:50.246Z] Checked if tokens are valid: true, expires at: 1741059937395
[debug] [2025-03-04T02:45:50.246Z] Checked if tokens are valid: true, expires at: 1741059937395
[debug] [2025-03-04T02:45:50.246Z] >>> [apiv2][query] GET https://runtimeconfig.googleapis.com/v1beta1/projects/ingles-a-bordo/configs [none]
[debug] [2025-03-04T02:45:50.891Z] <<< [apiv2][status] GET https://runtimeconfig.googleapis.com/v1beta1/projects/ingles-a-bordo/configs 200
[debug] [2025-03-04T02:45:50.891Z] <<< [apiv2][body] GET https://runtimeconfig.googleapis.com/v1beta1/projects/ingles-a-bordo/configs {}
[debug] [2025-03-04T02:45:50.894Z] Validating nodejs source
[debug] [2025-03-04T02:45:51.719Z] > [functions] package.json contents: {
  "name": "functions",
  "scripts": {
    "lint": "exit 0",
    "build": "tsc",
    "build:watch": "tsc --watch",
    "serve": "npm run build && firebase emulators:start --only functions",
    "shell": "npm run build && firebase functions:shell",
    "start": "npm run shell",
    "deploy": "firebase deploy --only functions",
    "logs": "firebase functions:log"
  },
  "engines": {
    "node": "20"
  },
  "main": "lib/index.js",
  "dependencies": {
    "firebase-admin": "^13.1.0",
    "firebase-functions": "^6.3.2"
  },
  "devDependencies": {
    "@typescript-eslint/eslint-plugin": "^7.0.0",
    "@typescript-eslint/parser": "^7.0.0",
    "eslint": "^8.56.0",
    "eslint-config-google": "^0.14.0",
    "eslint-plugin-import": "^2.29.1",
    "firebase-functions-test": "^3.1.0",
    "typescript": "^5.3.3"
  },
  "private": true
}
[debug] [2025-03-04T02:45:51.719Z] Building nodejs source
[info] i  functions: Loading and analyzing source code for codebase default to determine what to deploy 
[debug] [2025-03-04T02:45:51.720Z] Could not find functions.yaml. Must use http discovery
[debug] [2025-03-04T02:45:51.726Z] Found firebase-functions binary at '/Users/shawn/projects/ingles-a-bordo/functions/node_modules/.bin/firebase-functions'
[info] Serving at port 8966

[debug] [2025-03-04T02:45:51.867Z] Got response from /__/functions.yaml {"endpoints":{"deleteAuthUser":{"availableMemoryMb":null,"timeoutSeconds":null,"minInstances":null,"maxInstances":10,"ingressSettings":null,"concurrency":null,"serviceAccountEmail":null,"vpc":null,"platform":"gcfv2","region":["us-central1"],"labels":{},"callableTrigger":{},"entryPoint":"deleteAuthUser"},"deleteAuthUserHttp":{"availableMemoryMb":null,"timeoutSeconds":null,"minInstances":null,"maxInstances":10,"ingressSettings":null,"concurrency":null,"serviceAccountEmail":null,"vpc":null,"platform":"gcfv2","region":["us-central1"],"labels":{},"httpsTrigger":{},"entryPoint":"deleteAuthUserHttp"},"checkUserExists":{"availableMemoryMb":null,"timeoutSeconds":null,"minInstances":null,"maxInstances":10,"ingressSettings":null,"concurrency":null,"serviceAccountEmail":null,"vpc":null,"platform":"gcfv2","region":["us-central1"],"labels":{},"callableTrigger":{},"entryPoint":"checkUserExists"},"checkUserExistsHttp":{"availableMemoryMb":null,"timeoutSeconds":null,"minInstances":null,"maxInstances":10,"ingressSettings":null,"concurrency":null,"serviceAccountEmail":null,"vpc":null,"platform":"gcfv2","region":["us-central1"],"labels":{},"httpsTrigger":{},"entryPoint":"checkUserExistsHttp"}},"specVersion":"v1alpha1","requiredAPIs":[],"extensions":{}}
[info] i  extensions: ensuring required API firebaseextensions.googleapis.com is enabled... 
[debug] [2025-03-04T02:45:55.890Z] Checked if tokens are valid: true, expires at: 1741059937395
[debug] [2025-03-04T02:45:55.890Z] Checked if tokens are valid: true, expires at: 1741059937395
[debug] [2025-03-04T02:45:55.890Z] >>> [apiv2][query] GET https://serviceusage.googleapis.com/v1/projects/ingles-a-bordo/services/firebaseextensions.googleapis.com [none]
[debug] [2025-03-04T02:45:55.891Z] >>> [apiv2][(partial)header] GET https://serviceusage.googleapis.com/v1/projects/ingles-a-bordo/services/firebaseextensions.googleapis.com x-goog-quota-user=projects/ingles-a-bordo
[debug] [2025-03-04T02:45:57.013Z] <<< [apiv2][status] GET https://serviceusage.googleapis.com/v1/projects/ingles-a-bordo/services/firebaseextensions.googleapis.com 200
[debug] [2025-03-04T02:45:57.014Z] <<< [apiv2][body] GET https://serviceusage.googleapis.com/v1/projects/ingles-a-bordo/services/firebaseextensions.googleapis.com [omitted]
[info] ✔  extensions: required API firebaseextensions.googleapis.com is enabled 
[debug] [2025-03-04T02:45:57.014Z] > command requires scopes: ["email","openid","https://www.googleapis.com/auth/cloudplatformprojects.readonly","https://www.googleapis.com/auth/firebase","https://www.googleapis.com/auth/cloud-platform"]
[debug] [2025-03-04T02:45:57.014Z] > authorizing via signed-in user (sstewart32619@gmail.com)
[debug] [2025-03-04T02:45:57.015Z] [iam] checking project ingles-a-bordo for permissions ["firebase.projects.get","firebaseextensions.instances.list"]
[debug] [2025-03-04T02:45:57.015Z] Checked if tokens are valid: true, expires at: 1741059937395
[debug] [2025-03-04T02:45:57.015Z] Checked if tokens are valid: true, expires at: 1741059937395
[debug] [2025-03-04T02:45:57.015Z] >>> [apiv2][query] POST https://cloudresourcemanager.googleapis.com/v1/projects/ingles-a-bordo:testIamPermissions [none]
[debug] [2025-03-04T02:45:57.015Z] >>> [apiv2][(partial)header] POST https://cloudresourcemanager.googleapis.com/v1/projects/ingles-a-bordo:testIamPermissions x-goog-quota-user=projects/ingles-a-bordo
[debug] [2025-03-04T02:45:57.015Z] >>> [apiv2][body] POST https://cloudresourcemanager.googleapis.com/v1/projects/ingles-a-bordo:testIamPermissions {"permissions":["firebase.projects.get","firebaseextensions.instances.list"]}
[debug] [2025-03-04T02:45:58.089Z] <<< [apiv2][status] POST https://cloudresourcemanager.googleapis.com/v1/projects/ingles-a-bordo:testIamPermissions 200
[debug] [2025-03-04T02:45:58.089Z] <<< [apiv2][body] POST https://cloudresourcemanager.googleapis.com/v1/projects/ingles-a-bordo:testIamPermissions {"permissions":["firebase.projects.get","firebaseextensions.instances.list"]}
[debug] [2025-03-04T02:45:58.090Z] Checked if tokens are valid: true, expires at: 1741059937395
[debug] [2025-03-04T02:45:58.090Z] Checked if tokens are valid: true, expires at: 1741059937395
[debug] [2025-03-04T02:45:58.091Z] >>> [apiv2][query] GET https://firebaseextensions.googleapis.com/v1beta/projects/ingles-a-bordo/instances pageSize=100&pageToken=
[debug] [2025-03-04T02:45:59.415Z] <<< [apiv2][status] GET https://firebaseextensions.googleapis.com/v1beta/projects/ingles-a-bordo/instances 200
[debug] [2025-03-04T02:45:59.415Z] <<< [apiv2][body] GET https://firebaseextensions.googleapis.com/v1beta/projects/ingles-a-bordo/instances {}
[info] i  functions: preparing functions directory for uploading... 
[info] i  functions: packaged /Users/shawn/projects/ingles-a-bordo/functions (123.92 KB) for uploading 
[debug] [2025-03-04T02:45:59.477Z] Checked if tokens are valid: true, expires at: 1741059937395
[debug] [2025-03-04T02:45:59.477Z] Checked if tokens are valid: true, expires at: 1741059937395
[debug] [2025-03-04T02:45:59.477Z] >>> [apiv2][query] GET https://cloudfunctions.googleapis.com/v1/projects/ingles-a-bordo/locations/-/functions [none]
[debug] [2025-03-04T02:46:01.464Z] <<< [apiv2][status] GET https://cloudfunctions.googleapis.com/v1/projects/ingles-a-bordo/locations/-/functions 200
[debug] [2025-03-04T02:46:01.464Z] <<< [apiv2][body] GET https://cloudfunctions.googleapis.com/v1/projects/ingles-a-bordo/locations/-/functions {}
[debug] [2025-03-04T02:46:01.465Z] Checked if tokens are valid: true, expires at: 1741059937395
[debug] [2025-03-04T02:46:01.465Z] Checked if tokens are valid: true, expires at: 1741059937395
[debug] [2025-03-04T02:46:01.466Z] >>> [apiv2][query] GET https://cloudfunctions.googleapis.com/v2/projects/ingles-a-bordo/locations/-/functions filter=environment%3D%22GEN_2%22
[debug] [2025-03-04T02:46:02.722Z] <<< [apiv2][status] GET https://cloudfunctions.googleapis.com/v2/projects/ingles-a-bordo/locations/-/functions 200
[debug] [2025-03-04T02:46:02.722Z] <<< [apiv2][body] GET https://cloudfunctions.googleapis.com/v2/projects/ingles-a-bordo/locations/-/functions {"functions":[{"name":"projects/ingles-a-bordo/locations/us-central1/functions/checkUserExistsHttp","buildConfig":{"build":"projects/1057881499048/locations/us-central1/builds/79c9cbbe-2cae-4cec-b659-a308db19fc40","runtime":"nodejs20","entryPoint":"checkUserExistsHttp","source":{"storageSource":{"bucket":"gcf-v2-sources-1057881499048-us-central1","object":"checkUserExistsHttp/function-source.zip","generation":"1740976178790974"}},"environmentVariables":{"GOOGLE_NODE_RUN_SCRIPTS":""},"dockerRepository":"projects/ingles-a-bordo/locations/us-central1/repositories/gcf-artifacts","sourceProvenance":{"resolvedStorageSource":{"bucket":"gcf-v2-sources-1057881499048-us-central1","object":"checkUserExistsHttp/function-source.zip","generation":"1740976178790974"}},"dockerRegistry":"ARTIFACT_REGISTRY","serviceAccount":"projects/ingles-a-bordo/serviceAccounts/1057881499048-compute@developer.gserviceaccount.com","automaticUpdatePolicy":{}},"serviceConfig":{"service":"projects/ingles-a-bordo/locations/us-central1/services/checkuserexistshttp","timeoutSeconds":60,"environmentVariables":{"FIREBASE_CONFIG":"{\"projectId\":\"ingles-a-bordo\",\"storageBucket\":\"ingles-a-bordo.firebasestorage.app\"}","GCLOUD_PROJECT":"ingles-a-bordo","EVENTARC_CLOUD_EVENT_SOURCE":"projects/ingles-a-bordo/locations/us-central1/services/checkUserExistsHttp","FUNCTION_TARGET":"checkUserExistsHttp","LOG_EXECUTION_ID":"true","FUNCTION_SIGNATURE_TYPE":"http"},"maxInstanceCount":10,"ingressSettings":"ALLOW_ALL","uri":"https://checkuserexistshttp-pdmxhbsy2q-uc.a.run.app","serviceAccountEmail":"1057881499048-compute@developer.gserviceaccount.com","availableMemory":"256Mi","allTrafficOnLatestRevision":true,"revision":"checkuserexistshttp-00013-dub","maxInstanceRequestConcurrency":80,"availableCpu":"1"},"state":"ACTIVE","updateTime":"2025-03-03T04:29:48.442877015Z","labels":{"deployment-tool":"cli-firebase","firebase-functions-hash":"027c20913961c3ef7a0f8c82bb588a51b804e0d5"},"environment":"GEN_2","url":"https://us-central1-ingles-a-bordo.cloudfunctions.net/checkUserExistsHttp","createTime":"2025-02-28T14:43:39.466823860Z","satisfiesPzi":true},{"name":"projects/ingles-a-bordo/locations/us-central1/functions/deleteAuthUser","buildConfig":{"build":"projects/1057881499048/locations/us-central1/builds/79c9cbbe-2cae-4cec-b659-a308db19fc40","runtime":"nodejs20","entryPoint":"deleteAuthUser","source":{"storageSource":{"bucket":"gcf-v2-sources-1057881499048-us-central1","object":"deleteAuthUser/function-source.zip","generation":"1740976122259953"}},"environmentVariables":{"GOOGLE_NODE_RUN_SCRIPTS":""},"dockerRepository":"projects/ingles-a-bordo/locations/us-central1/repositories/gcf-artifacts","sourceProvenance":{"resolvedStorageSource":{"bucket":"gcf-v2-sources-1057881499048-us-central1","object":"deleteAuthUser/function-source.zip","generation":"1740976122259953"}},"dockerRegistry":"ARTIFACT_REGISTRY","serviceAccount":"projects/ingles-a-bordo/serviceAccounts/1057881499048-compute@developer.gserviceaccount.com","automaticUpdatePolicy":{}},"serviceConfig":{"service":"projects/ingles-a-bordo/locations/us-central1/services/deleteauthuser","timeoutSeconds":60,"environmentVariables":{"FIREBASE_CONFIG":"{\"projectId\":\"ingles-a-bordo\",\"storageBucket\":\"ingles-a-bordo.firebasestorage.app\"}","GCLOUD_PROJECT":"ingles-a-bordo","EVENTARC_CLOUD_EVENT_SOURCE":"projects/ingles-a-bordo/locations/us-central1/services/deleteAuthUser","FUNCTION_TARGET":"deleteAuthUser","LOG_EXECUTION_ID":"true","FUNCTION_SIGNATURE_TYPE":"http"},"maxInstanceCount":10,"ingressSettings":"ALLOW_ALL","uri":"https://deleteauthuser-pdmxhbsy2q-uc.a.run.app","serviceAccountEmail":"1057881499048-compute@developer.gserviceaccount.com","availableMemory":"256Mi","allTrafficOnLatestRevision":true,"revision":"deleteauthuser-00033-pag","maxInstanceRequestConcurrency":80,"availableCpu":"1"},"state":"ACTIVE","updateTime":"2025-03-03T04:29:46.078015398Z","labels":{"deployment-callable":"true","firebase-functions-hash":"027c20913961c3ef7a0f8c82bb588a51b804e0d5","deployment-tool":"cli-firebase"},"environment":"GEN_2","url":"https://us-central1-ingles-a-bordo.cloudfunctions.net/deleteAuthUser","createTime":"2025-02-13T03:35:43.469100506Z","satisfiesPzi":true},{"name":"projects/ingles-a-bordo/locations/us-central1/functions/deleteAuthUserHttp","buildConfig":{"build":"projects/1057881499048/locations/us-central1/builds/79c9cbbe-2cae-4cec-b659-a308db19fc40","runtime":"nodejs20","entryPoint":"deleteAuthUserHttp","source":{"storageSource":{"bucket":"gcf-v2-sources-1057881499048-us-central1","object":"deleteAuthUserHttp/function-source.zip","generation":"1740976178766047"}},"environmentVariables":{"GOOGLE_NODE_RUN_SCRIPTS":""},"dockerRepository":"projects/ingles-a-bordo/locations/us-central1/repositories/gcf-artifacts","sourceProvenance":{"resolvedStorageSource":{"bucket":"gcf-v2-sources-1057881499048-us-central1","object":"deleteAuthUserHttp/function-source.zip","generation":"1740976178766047"}},"dockerRegistry":"ARTIFACT_REGISTRY","serviceAccount":"projects/ingles-a-bordo/serviceAccounts/1057881499048-compute@developer.gserviceaccount.com","automaticUpdatePolicy":{}},"serviceConfig":{"service":"projects/ingles-a-bordo/locations/us-central1/services/deleteauthuserhttp","timeoutSeconds":60,"environmentVariables":{"FIREBASE_CONFIG":"{\"projectId\":\"ingles-a-bordo\",\"storageBucket\":\"ingles-a-bordo.firebasestorage.app\"}","GCLOUD_PROJECT":"ingles-a-bordo","EVENTARC_CLOUD_EVENT_SOURCE":"projects/ingles-a-bordo/locations/us-central1/services/deleteAuthUserHttp","FUNCTION_TARGET":"deleteAuthUserHttp","LOG_EXECUTION_ID":"true","FUNCTION_SIGNATURE_TYPE":"http"},"maxInstanceCount":10,"ingressSettings":"ALLOW_ALL","uri":"https://deleteauthuserhttp-pdmxhbsy2q-uc.a.run.app","serviceAccountEmail":"1057881499048-compute@developer.gserviceaccount.com","availableMemory":"256Mi","allTrafficOnLatestRevision":true,"revision":"deleteauthuserhttp-00013-dof","maxInstanceRequestConcurrency":80,"availableCpu":"1"},"state":"ACTIVE","updateTime":"2025-03-03T04:29:47.159747276Z","labels":{"deployment-tool":"cli-firebase","firebase-functions-hash":"027c20913961c3ef7a0f8c82bb588a51b804e0d5"},"environment":"GEN_2","url":"https://us-central1-ingles-a-bordo.cloudfunctions.net/deleteAuthUserHttp","createTime":"2025-02-28T14:42:20.750779283Z","satisfiesPzi":true},{"name":"projects/ingles-a-bordo/locations/us-central1/functions/checkUserExists","buildConfig":{"build":"projects/1057881499048/locations/us-central1/builds/79c9cbbe-2cae-4cec-b659-a308db19fc40","runtime":"nodejs20","entryPoint":"checkUserExists","source":{"storageSource":{"bucket":"gcf-v2-sources-1057881499048-us-central1","object":"checkUserExists/function-source.zip","generation":"1740976178871096"}},"environmentVariables":{"GOOGLE_NODE_RUN_SCRIPTS":""},"dockerRepository":"projects/ingles-a-bordo/locations/us-central1/repositories/gcf-artifacts","sourceProvenance":{"resolvedStorageSource":{"bucket":"gcf-v2-sources-1057881499048-us-central1","object":"checkUserExists/function-source.zip","generation":"1740976178871096"}},"dockerRegistry":"ARTIFACT_REGISTRY","serviceAccount":"projects/ingles-a-bordo/serviceAccounts/1057881499048-compute@developer.gserviceaccount.com","automaticUpdatePolicy":{}},"serviceConfig":{"service":"projects/ingles-a-bordo/locations/us-central1/services/checkuserexists","timeoutSeconds":60,"environmentVariables":{"FIREBASE_CONFIG":"{\"projectId\":\"ingles-a-bordo\",\"storageBucket\":\"ingles-a-bordo.firebasestorage.app\"}","GCLOUD_PROJECT":"ingles-a-bordo","EVENTARC_CLOUD_EVENT_SOURCE":"projects/ingles-a-bordo/locations/us-central1/services/checkUserExists","FUNCTION_TARGET":"checkUserExists","LOG_EXECUTION_ID":"true","FUNCTION_SIGNATURE_TYPE":"http"},"maxInstanceCount":10,"ingressSettings":"ALLOW_ALL","uri":"https://checkuserexists-pdmxhbsy2q-uc.a.run.app","serviceAccountEmail":"1057881499048-compute@developer.gserviceaccount.com","availableMemory":"256Mi","allTrafficOnLatestRevision":true,"revision":"checkuserexists-00034-fic","maxInstanceRequestConcurrency":80,"availableCpu":"1"},"state":"ACTIVE","updateTime":"2025-03-03T04:29:48.450382857Z","labels":{"deployment-tool":"cli-firebase","deployment-callable":"true","firebase-functions-hash":"027c20913961c3ef7a0f8c82bb588a51b804e0d5"},"environment":"GEN_2","url":"https://us-central1-ingles-a-bordo.cloudfunctions.net/checkUserExists","createTime":"2025-02-13T03:36:01.420441912Z","satisfiesPzi":true}]}
[info] i  functions: ensuring required API run.googleapis.com is enabled... 
[debug] [2025-03-04T02:46:02.729Z] Checked if tokens are valid: true, expires at: 1741059937395
[debug] [2025-03-04T02:46:02.729Z] Checked if tokens are valid: true, expires at: 1741059937395
[info] i  functions: ensuring required API eventarc.googleapis.com is enabled... 
[debug] [2025-03-04T02:46:02.729Z] Checked if tokens are valid: true, expires at: 1741059937395
[debug] [2025-03-04T02:46:02.729Z] Checked if tokens are valid: true, expires at: 1741059937395
[info] i  functions: ensuring required API pubsub.googleapis.com is enabled... 
[debug] [2025-03-04T02:46:02.729Z] Checked if tokens are valid: true, expires at: 1741059937395
[debug] [2025-03-04T02:46:02.729Z] Checked if tokens are valid: true, expires at: 1741059937395
[info] i  functions: ensuring required API storage.googleapis.com is enabled... 
[debug] [2025-03-04T02:46:02.729Z] Checked if tokens are valid: true, expires at: 1741059937395
[debug] [2025-03-04T02:46:02.729Z] Checked if tokens are valid: true, expires at: 1741059937395
[debug] [2025-03-04T02:46:02.729Z] >>> [apiv2][query] GET https://serviceusage.googleapis.com/v1/projects/ingles-a-bordo/services/run.googleapis.com [none]
[debug] [2025-03-04T02:46:02.729Z] >>> [apiv2][(partial)header] GET https://serviceusage.googleapis.com/v1/projects/ingles-a-bordo/services/run.googleapis.com x-goog-quota-user=projects/ingles-a-bordo
[debug] [2025-03-04T02:46:02.731Z] >>> [apiv2][query] GET https://serviceusage.googleapis.com/v1/projects/ingles-a-bordo/services/eventarc.googleapis.com [none]
[debug] [2025-03-04T02:46:02.731Z] >>> [apiv2][(partial)header] GET https://serviceusage.googleapis.com/v1/projects/ingles-a-bordo/services/eventarc.googleapis.com x-goog-quota-user=projects/ingles-a-bordo
[debug] [2025-03-04T02:46:02.733Z] >>> [apiv2][query] GET https://serviceusage.googleapis.com/v1/projects/ingles-a-bordo/services/pubsub.googleapis.com [none]
[debug] [2025-03-04T02:46:02.733Z] >>> [apiv2][(partial)header] GET https://serviceusage.googleapis.com/v1/projects/ingles-a-bordo/services/pubsub.googleapis.com x-goog-quota-user=projects/ingles-a-bordo
[debug] [2025-03-04T02:46:02.734Z] >>> [apiv2][query] GET https://serviceusage.googleapis.com/v1/projects/ingles-a-bordo/services/storage.googleapis.com [none]
[debug] [2025-03-04T02:46:02.734Z] >>> [apiv2][(partial)header] GET https://serviceusage.googleapis.com/v1/projects/ingles-a-bordo/services/storage.googleapis.com x-goog-quota-user=projects/ingles-a-bordo
[debug] [2025-03-04T02:46:03.748Z] <<< [apiv2][status] GET https://serviceusage.googleapis.com/v1/projects/ingles-a-bordo/services/eventarc.googleapis.com 200
[debug] [2025-03-04T02:46:03.748Z] <<< [apiv2][body] GET https://serviceusage.googleapis.com/v1/projects/ingles-a-bordo/services/eventarc.googleapis.com [omitted]
[info] ✔  functions: required API eventarc.googleapis.com is enabled 
[debug] [2025-03-04T02:46:03.749Z] <<< [apiv2][status] GET https://serviceusage.googleapis.com/v1/projects/ingles-a-bordo/services/pubsub.googleapis.com 200
[debug] [2025-03-04T02:46:03.749Z] <<< [apiv2][body] GET https://serviceusage.googleapis.com/v1/projects/ingles-a-bordo/services/pubsub.googleapis.com [omitted]
[info] ✔  functions: required API pubsub.googleapis.com is enabled 
[debug] [2025-03-04T02:46:03.756Z] <<< [apiv2][status] GET https://serviceusage.googleapis.com/v1/projects/ingles-a-bordo/services/run.googleapis.com 200
[debug] [2025-03-04T02:46:03.756Z] <<< [apiv2][body] GET https://serviceusage.googleapis.com/v1/projects/ingles-a-bordo/services/run.googleapis.com [omitted]
[info] ✔  functions: required API run.googleapis.com is enabled 
[debug] [2025-03-04T02:46:03.777Z] <<< [apiv2][status] GET https://serviceusage.googleapis.com/v1/projects/ingles-a-bordo/services/storage.googleapis.com 200
[debug] [2025-03-04T02:46:03.777Z] <<< [apiv2][body] GET https://serviceusage.googleapis.com/v1/projects/ingles-a-bordo/services/storage.googleapis.com [omitted]
[info] ✔  functions: required API storage.googleapis.com is enabled 
[info] i  functions: generating the service identity for pubsub.googleapis.com... 
[debug] [2025-03-04T02:46:03.778Z] Checked if tokens are valid: true, expires at: 1741059937395
[debug] [2025-03-04T02:46:03.778Z] Checked if tokens are valid: true, expires at: 1741059937395
[info] i  functions: generating the service identity for eventarc.googleapis.com... 
[debug] [2025-03-04T02:46:03.778Z] Checked if tokens are valid: true, expires at: 1741059937395
[debug] [2025-03-04T02:46:03.778Z] Checked if tokens are valid: true, expires at: 1741059937395
[debug] [2025-03-04T02:46:03.779Z] >>> [apiv2][query] POST https://serviceusage.googleapis.com/v1beta1/projects/1057881499048/services/pubsub.googleapis.com:generateServiceIdentity [none]
[debug] [2025-03-04T02:46:03.779Z] >>> [apiv2][query] POST https://serviceusage.googleapis.com/v1beta1/projects/1057881499048/services/eventarc.googleapis.com:generateServiceIdentity [none]
[debug] [2025-03-04T02:46:04.831Z] <<< [apiv2][status] POST https://serviceusage.googleapis.com/v1beta1/projects/1057881499048/services/eventarc.googleapis.com:generateServiceIdentity 200
[debug] [2025-03-04T02:46:04.832Z] <<< [apiv2][body] POST https://serviceusage.googleapis.com/v1beta1/projects/1057881499048/services/eventarc.googleapis.com:generateServiceIdentity {"name":"operations/finished.DONE_OPERATION","done":true,"response":{"@type":"type.googleapis.com/google.api.serviceusage.v1beta1.ServiceIdentity","email":"service-1057881499048@gcp-sa-eventarc.iam.gserviceaccount.com","uniqueId":"103074751424698792744"}}
[debug] [2025-03-04T02:46:04.833Z] <<< [apiv2][status] POST https://serviceusage.googleapis.com/v1beta1/projects/1057881499048/services/pubsub.googleapis.com:generateServiceIdentity 200
[debug] [2025-03-04T02:46:04.833Z] <<< [apiv2][body] POST https://serviceusage.googleapis.com/v1beta1/projects/1057881499048/services/pubsub.googleapis.com:generateServiceIdentity {"name":"operations/finished.DONE_OPERATION","done":true,"response":{"@type":"type.googleapis.com/google.api.serviceusage.v1beta1.ServiceIdentity","email":"service-1057881499048@gcp-sa-pubsub.iam.gserviceaccount.com","uniqueId":"114614635999994797961"}}
[debug] [2025-03-04T02:46:04.837Z] Checked if tokens are valid: true, expires at: 1741059937395
[debug] [2025-03-04T02:46:04.837Z] Checked if tokens are valid: true, expires at: 1741059937395
[debug] [2025-03-04T02:46:04.837Z] >>> [apiv2][query] GET https://cloudresourcemanager.googleapis.com/v1/projects/ingles-a-bordo [none]
[debug] [2025-03-04T02:46:05.763Z] <<< [apiv2][status] GET https://cloudresourcemanager.googleapis.com/v1/projects/ingles-a-bordo 200
[debug] [2025-03-04T02:46:05.764Z] <<< [apiv2][body] GET https://cloudresourcemanager.googleapis.com/v1/projects/ingles-a-bordo {"projectNumber":"1057881499048","projectId":"ingles-a-bordo","lifecycleState":"ACTIVE","name":"Ingles a Bordo","labels":{"firebase":"enabled","firebase-core":"disabled"},"createTime":"2025-02-08T02:39:53.925315Z"}
[debug] [2025-03-04T02:46:05.769Z] Checked if tokens are valid: true, expires at: 1741059937395
[debug] [2025-03-04T02:46:05.769Z] Checked if tokens are valid: true, expires at: 1741059937395
[debug] [2025-03-04T02:46:05.769Z] >>> [apiv2][query] POST https://firebasehosting.googleapis.com/v1beta1/projects/-/sites/ingles-a-bordo/versions [none]
[debug] [2025-03-04T02:46:05.769Z] >>> [apiv2][body] POST https://firebasehosting.googleapis.com/v1beta1/projects/-/sites/ingles-a-bordo/versions {"status":"CREATED","labels":{"deployment-tool":"cli-firebase"}}
[debug] [2025-03-04T02:46:07.299Z] <<< [apiv2][status] POST https://firebasehosting.googleapis.com/v1beta1/projects/-/sites/ingles-a-bordo/versions 200
[debug] [2025-03-04T02:46:07.299Z] <<< [apiv2][body] POST https://firebasehosting.googleapis.com/v1beta1/projects/-/sites/ingles-a-bordo/versions {"name":"projects/1057881499048/sites/ingles-a-bordo/versions/cd2101df7b7805a3","status":"CREATED","config":{},"labels":{"deployment-tool":"cli-firebase"}}
[debug] [2025-03-04T02:46:07.301Z] Checked if tokens are valid: true, expires at: 1741059937395
[debug] [2025-03-04T02:46:07.301Z] Checked if tokens are valid: true, expires at: 1741059937395
[debug] [2025-03-04T02:46:07.301Z] >>> [apiv2][query] GET https://firebaserules.googleapis.com/v1/projects/ingles-a-bordo/releases pageSize=10&pageToken=
[debug] [2025-03-04T02:46:08.344Z] <<< [apiv2][status] GET https://firebaserules.googleapis.com/v1/projects/ingles-a-bordo/releases 200
[debug] [2025-03-04T02:46:08.344Z] <<< [apiv2][body] GET https://firebaserules.googleapis.com/v1/projects/ingles-a-bordo/releases {"releases":[{"name":"projects/ingles-a-bordo/releases/cloud.firestore","rulesetName":"projects/ingles-a-bordo/rulesets/841a1e4e-eb54-4ba9-9dea-1bc117ea17ed","createTime":"2025-02-08T02:44:17.173437Z","updateTime":"2025-03-03T04:28:39.165701Z"},{"name":"projects/ingles-a-bordo/releases/firebase.storage/ingles-a-bordo.firebasestorage.app","rulesetName":"projects/ingles-a-bordo/rulesets/ecff05dd-9226-466a-aaee-6ab4c6fc33bc","createTime":"2025-02-08T22:21:48.679090Z","updateTime":"2025-03-03T04:28:38.084633Z"}]}
[debug] [2025-03-04T02:46:08.363Z] Checked if tokens are valid: true, expires at: 1741059937395
[debug] [2025-03-04T02:46:08.363Z] Checked if tokens are valid: true, expires at: 1741059937395
[debug] [2025-03-04T02:46:08.363Z] >>> [apiv2][query] GET https://firebaserules.googleapis.com/v1/projects/ingles-a-bordo/rulesets/ecff05dd-9226-466a-aaee-6ab4c6fc33bc [none]
[debug] [2025-03-04T02:46:09.405Z] <<< [apiv2][status] GET https://firebaserules.googleapis.com/v1/projects/ingles-a-bordo/rulesets/ecff05dd-9226-466a-aaee-6ab4c6fc33bc 200
[debug] [2025-03-04T02:46:09.406Z] <<< [apiv2][body] GET https://firebaserules.googleapis.com/v1/projects/ingles-a-bordo/rulesets/ecff05dd-9226-466a-aaee-6ab4c6fc33bc [omitted]
[info] i  storage: latest version of storage.rules already up to date, skipping upload... 
[debug] [2025-03-04T02:46:09.408Z] Checked if tokens are valid: true, expires at: 1741059937395
[debug] [2025-03-04T02:46:09.408Z] Checked if tokens are valid: true, expires at: 1741059937395
[info] i  firestore: deploying indexes... 
[debug] [2025-03-04T02:46:09.410Z] Checked if tokens are valid: true, expires at: 1741059937395
[debug] [2025-03-04T02:46:09.410Z] Checked if tokens are valid: true, expires at: 1741059937395
[debug] [2025-03-04T02:46:09.410Z] >>> [apiv2][query] GET https://firebaserules.googleapis.com/v1/projects/ingles-a-bordo/releases pageSize=10&pageToken=
[debug] [2025-03-04T02:46:09.411Z] >>> [apiv2][query] GET https://firestore.googleapis.com/v1/projects/ingles-a-bordo/databases/(default)/collectionGroups/-/indexes [none]
[debug] [2025-03-04T02:46:10.418Z] <<< [apiv2][status] GET https://firebaserules.googleapis.com/v1/projects/ingles-a-bordo/releases 200
[debug] [2025-03-04T02:46:10.418Z] <<< [apiv2][body] GET https://firebaserules.googleapis.com/v1/projects/ingles-a-bordo/releases {"releases":[{"name":"projects/ingles-a-bordo/releases/cloud.firestore","rulesetName":"projects/ingles-a-bordo/rulesets/841a1e4e-eb54-4ba9-9dea-1bc117ea17ed","createTime":"2025-02-08T02:44:17.173437Z","updateTime":"2025-03-03T04:28:39.165701Z"},{"name":"projects/ingles-a-bordo/releases/firebase.storage/ingles-a-bordo.firebasestorage.app","rulesetName":"projects/ingles-a-bordo/rulesets/ecff05dd-9226-466a-aaee-6ab4c6fc33bc","createTime":"2025-02-08T22:21:48.679090Z","updateTime":"2025-03-03T04:28:38.084633Z"}]}
[debug] [2025-03-04T02:46:10.418Z] Checked if tokens are valid: true, expires at: 1741059937395
[debug] [2025-03-04T02:46:10.418Z] Checked if tokens are valid: true, expires at: 1741059937395
[debug] [2025-03-04T02:46:10.419Z] >>> [apiv2][query] GET https://firebaserules.googleapis.com/v1/projects/ingles-a-bordo/rulesets/841a1e4e-eb54-4ba9-9dea-1bc117ea17ed [none]
[debug] [2025-03-04T02:46:10.948Z] <<< [apiv2][status] GET https://firestore.googleapis.com/v1/projects/ingles-a-bordo/databases/(default)/collectionGroups/-/indexes 200
[debug] [2025-03-04T02:46:10.949Z] <<< [apiv2][body] GET https://firestore.googleapis.com/v1/projects/ingles-a-bordo/databases/(default)/collectionGroups/-/indexes {"indexes":[{"name":"projects/ingles-a-bordo/databases/(default)/collectionGroups/classes/indexes/CICAgJim14AK","queryScope":"COLLECTION","fields":[{"fieldPath":"startDate","order":"ASCENDING"},{"fieldPath":"endDate","order":"ASCENDING"},{"fieldPath":"__name__","order":"ASCENDING"}],"state":"READY","density":"SPARSE_ALL"},{"name":"projects/ingles-a-bordo/databases/(default)/collectionGroups/classMaterials/indexes/CICAgOjXh4EK","queryScope":"COLLECTION","fields":[{"fieldPath":"classId","order":"ASCENDING"},{"fieldPath":"classDate","order":"ASCENDING"},{"fieldPath":"__name__","order":"ASCENDING"}],"state":"READY","density":"SPARSE_ALL"},{"name":"projects/ingles-a-bordo/databases/(default)/collectionGroups/classes/indexes/CICAgJjF9oIK","queryScope":"COLLECTION","fields":[{"fieldPath":"studentEmails","arrayConfig":"CONTAINS"},{"fieldPath":"startDate","order":"ASCENDING"},{"fieldPath":"__name__","order":"ASCENDING"}],"state":"READY","density":"SPARSE_ALL"},{"name":"projects/ingles-a-bordo/databases/(default)/collectionGroups/classes/indexes/CICAgJiUpoMK","queryScope":"COLLECTION","fields":[{"fieldPath":"studentIds","arrayConfig":"CONTAINS"},{"fieldPath":"date","order":"ASCENDING"},{"fieldPath":"__name__","order":"ASCENDING"}],"state":"READY","density":"SPARSE_ALL"}]}
[debug] [2025-03-04T02:46:10.950Z] Checked if tokens are valid: true, expires at: 1741059937395
[debug] [2025-03-04T02:46:10.950Z] Checked if tokens are valid: true, expires at: 1741059937395
[debug] [2025-03-04T02:46:10.950Z] >>> [apiv2][query] GET https://firestore.googleapis.com/v1/projects/ingles-a-bordo/databases/(default)/collectionGroups/-/fields?filter=indexConfig.usesAncestorConfig=false OR ttlConfig:* [none]
[debug] [2025-03-04T02:46:11.233Z] <<< [apiv2][status] GET https://firestore.googleapis.com/v1/projects/ingles-a-bordo/databases/(default)/collectionGroups/-/fields?filter=indexConfig.usesAncestorConfig=false OR ttlConfig:* 200
[debug] [2025-03-04T02:46:11.234Z] <<< [apiv2][body] GET https://firestore.googleapis.com/v1/projects/ingles-a-bordo/databases/(default)/collectionGroups/-/fields?filter=indexConfig.usesAncestorConfig=false OR ttlConfig:* {"fields":[{"name":"projects/ingles-a-bordo/databases/(default)/collectionGroups/__default__/fields/*","indexConfig":{"indexes":[{"queryScope":"COLLECTION","fields":[{"fieldPath":"*","order":"ASCENDING"}],"state":"READY"},{"queryScope":"COLLECTION","fields":[{"fieldPath":"*","order":"DESCENDING"}],"state":"READY"},{"queryScope":"COLLECTION","fields":[{"fieldPath":"*","arrayConfig":"CONTAINS"}],"state":"READY"}]}}]}
[debug] [2025-03-04T02:46:11.235Z] Skipping existing index: {"collectionGroup":"classMaterials","queryScope":"COLLECTION","fields":[{"fieldPath":"classId","order":"ASCENDING"},{"fieldPath":"classDate","order":"ASCENDING"}]}
[debug] [2025-03-04T02:46:11.235Z] Skipping existing index: {"collectionGroup":"classes","queryScope":"COLLECTION","fields":[{"fieldPath":"studentIds","arrayConfig":"CONTAINS"},{"fieldPath":"date","order":"ASCENDING"}]}
[debug] [2025-03-04T02:46:11.236Z] Skipping existing index: {"collectionGroup":"classes","queryScope":"COLLECTION","fields":[{"fieldPath":"startDate","order":"ASCENDING"},{"fieldPath":"endDate","order":"ASCENDING"}]}
[debug] [2025-03-04T02:46:11.236Z] Skipping existing index: {"collectionGroup":"classes","queryScope":"COLLECTION","fields":[{"fieldPath":"studentEmails","arrayConfig":"CONTAINS"},{"fieldPath":"startDate","order":"ASCENDING"}]}
[info] ✔  firestore: deployed indexes in firestore.indexes.json successfully for (default) database 
[debug] [2025-03-04T02:46:11.385Z] <<< [apiv2][status] GET https://firebaserules.googleapis.com/v1/projects/ingles-a-bordo/rulesets/841a1e4e-eb54-4ba9-9dea-1bc117ea17ed 200
[debug] [2025-03-04T02:46:11.385Z] <<< [apiv2][body] GET https://firebaserules.googleapis.com/v1/projects/ingles-a-bordo/rulesets/841a1e4e-eb54-4ba9-9dea-1bc117ea17ed [omitted]
[info] i  firestore: latest version of firestore.rules already up to date, skipping upload... 
[debug] [2025-03-04T02:46:11.387Z] Checked if tokens are valid: true, expires at: 1741059937395
[debug] [2025-03-04T02:46:11.388Z] Checked if tokens are valid: true, expires at: 1741059937395
[debug] [2025-03-04T02:46:11.388Z] >>> [apiv2][query] GET https://cloudbilling.googleapis.com/v1/projects/ingles-a-bordo/billingInfo [none]
[debug] [2025-03-04T02:46:12.930Z] <<< [apiv2][status] GET https://cloudbilling.googleapis.com/v1/projects/ingles-a-bordo/billingInfo 200
[debug] [2025-03-04T02:46:12.931Z] <<< [apiv2][body] GET https://cloudbilling.googleapis.com/v1/projects/ingles-a-bordo/billingInfo {"name":"projects/ingles-a-bordo/billingInfo","projectId":"ingles-a-bordo","billingAccountName":"billingAccounts/012FD1-2819DE-3E6378","billingEnabled":true}
[debug] [2025-03-04T02:46:12.934Z] Checked if tokens are valid: true, expires at: 1741059937395
[debug] [2025-03-04T02:46:12.934Z] Checked if tokens are valid: true, expires at: 1741059937395
[debug] [2025-03-04T02:46:12.934Z] >>> [apiv2][query] POST https://cloudfunctions.googleapis.com/v2/projects/ingles-a-bordo/locations/us-central1/functions:generateUploadUrl [none]
[debug] [2025-03-04T02:46:14.036Z] <<< [apiv2][status] POST https://cloudfunctions.googleapis.com/v2/projects/ingles-a-bordo/locations/us-central1/functions:generateUploadUrl 200
[debug] [2025-03-04T02:46:14.036Z] <<< [apiv2][body] POST https://cloudfunctions.googleapis.com/v2/projects/ingles-a-bordo/locations/us-central1/functions:generateUploadUrl {"uploadUrl":"https://storage.googleapis.com/gcf-v2-uploads-1057881499048.us-central1.cloudfunctions.appspot.com/2b45474c-ba51-420a-bea5-631449373e0d.zip?GoogleAccessId=service-1057881499048@gcf-admin-robot.iam.gserviceaccount.com&Expires=1741058174&Signature=iwj9zrn9AduHt9ZTJESIOjm7x0DF53TDDk%2BGLccqN3uJTKR4NO3fnCz5KaGpx%2B7w1%2FKalkE%2FCItDHFjQyFOoIEuUlstZDW%2B6S3hEeUDTsJxgYq7QzAREJq2wtrMiU%2FfGt%2B67j9oPUCiqux8HZzOtyH37ZrWM9ep50fnwHMMNumxVtB17vqhbqr0CW4uGtt9lUxQ1aATa10aAhgbEypznoq09QDpdK6aW3JePWuLSWQojh2r34ZDaaKMzOBJeRkMCeVqVbdRdwXtdASmXnXDtd69wp1DnBDqLNWy%2FD0bCn%2FdsklocTBh3s7w1meX6wDuUDGC3MD9b6QOTFrCyqhVMHA%3D%3D","storageSource":{"bucket":"gcf-v2-uploads-1057881499048.us-central1.cloudfunctions.appspot.com","object":"2b45474c-ba51-420a-bea5-631449373e0d.zip"}}
[debug] [2025-03-04T02:46:14.038Z] >>> [apiv2][query] PUT https://storage.googleapis.com/gcf-v2-uploads-1057881499048.us-central1.cloudfunctions.appspot.com/2b45474c-ba51-420a-bea5-631449373e0d.zip GoogleAccessId=service-1057881499048%40gcf-admin-robot.iam.gserviceaccount.com&Expires=1741058174&Signature=iwj9zrn9AduHt9ZTJESIOjm7x0DF53TDDk%2BGLccqN3uJTKR4NO3fnCz5KaGpx%2B7w1%2FKalkE%2FCItDHFjQyFOoIEuUlstZDW%2B6S3hEeUDTsJxgYq7QzAREJq2wtrMiU%2FfGt%2B67j9oPUCiqux8HZzOtyH37ZrWM9ep50fnwHMMNumxVtB17vqhbqr0CW4uGtt9lUxQ1aATa10aAhgbEypznoq09QDpdK6aW3JePWuLSWQojh2r34ZDaaKMzOBJeRkMCeVqVbdRdwXtdASmXnXDtd69wp1DnBDqLNWy%2FD0bCn%2FdsklocTBh3s7w1meX6wDuUDGC3MD9b6QOTFrCyqhVMHA%3D%3D
[debug] [2025-03-04T02:46:14.038Z] >>> [apiv2][body] PUT https://storage.googleapis.com/gcf-v2-uploads-1057881499048.us-central1.cloudfunctions.appspot.com/2b45474c-ba51-420a-bea5-631449373e0d.zip [stream]
[debug] [2025-03-04T02:46:14.976Z] <<< [apiv2][status] PUT https://storage.googleapis.com/gcf-v2-uploads-1057881499048.us-central1.cloudfunctions.appspot.com/2b45474c-ba51-420a-bea5-631449373e0d.zip 200
[debug] [2025-03-04T02:46:14.976Z] <<< [apiv2][body] PUT https://storage.googleapis.com/gcf-v2-uploads-1057881499048.us-central1.cloudfunctions.appspot.com/2b45474c-ba51-420a-bea5-631449373e0d.zip [omitted]
[info] ✔  functions: functions folder uploaded successfully 
[info] i  hosting[ingles-a-bordo]: beginning deploy... 
[info] i  hosting[ingles-a-bordo]: found 12 files in dist 
[debug] [2025-03-04T02:46:14.998Z] [hosting] uploading with 200 concurrency
[debug] [2025-03-04T02:46:15.382Z] Checked if tokens are valid: true, expires at: 1741059937395
[debug] [2025-03-04T02:46:15.382Z] Checked if tokens are valid: true, expires at: 1741059937395
[debug] [2025-03-04T02:46:15.383Z] [hosting] hash cache [ZGlzdA] stored for 12 files
[debug] [2025-03-04T02:46:15.383Z] [hosting][hash queue][FINAL] {"max":379,"min":6,"avg":42.166666666666664,"active":0,"complete":12,"success":12,"errored":0,"retried":0,"total":12,"elapsed":382}
[debug] [2025-03-04T02:46:15.383Z] >>> [apiv2][query] POST https://firebasehosting.googleapis.com/v1beta1/projects/1057881499048/sites/ingles-a-bordo/versions/cd2101df7b7805a3:populateFiles [none]
[debug] [2025-03-04T02:46:15.383Z] >>> [apiv2][body] POST https://firebasehosting.googleapis.com/v1beta1/projects/1057881499048/sites/ingles-a-bordo/versions/cd2101df7b7805a3:populateFiles {"files":{"/index.html":"2053e0916b59ea33e0c8e5c46f077e6991f32a761c41578f79879598f0ee3451","/assets/ClassMaterials-DtWq-dA9.js.map":"995e18e0f6955c1ab3d6b17f4df82b87d1aa79dcd57de943c80f2b1cd21d05b6","/assets/ClassMaterials-DtWq-dA9.js":"52b842254c0d9667c561acad2ba7fa958e6336a24395b326c77442b7cba6a53f","/assets/AdminMaterials-6L3ezh_v.js":"30013113075bbabc95bd37f634965e4033ca2cf8fbb8985f3287a13362047c7d","/assets/index-0HAxiGKj.css":"30751a6db942dcbad9740652641c66f3a24deb5324556932db205fccc9fd94a5","/paper-airplane.png":"080ec39e9a2a7911a84e6070ec27d986d7eae2533adacb888abe3062ca36e4a9","/ingles-a-bordo.png":"ac4fc8f70a6223fd5c8bf0088e95f18f0f403bd5afcea5ab4e99d284e8b149f7","/assets/AdminMaterials-6L3ezh_v.js.map":"c7efd5bcecdb197140791f1f1d0d582533d8c09246cb2c822310b557219bbae4","/IAB.png":"3cc804bfac6014dbb3dcbba44384a433a4f750f559fe071099126913ea081de0","/BACKGROUND.png":"d3753bc7e4c11a7f27501fc99fdbbd999a45cfbca01f248638fa44e9be3db154","/assets/index-BUSqEMpy.js":"1f72a65f751eada52bc7c0b132288c47bd4fe153f0bfb23d8210bc1052464adb","/assets/index-BUSqEMpy.js.map":"e309811b3649ea4d228b5186997f8bc71cb4ff50ed6667a896b51665766473a9"}}
[debug] [2025-03-04T02:46:16.415Z] <<< [apiv2][status] POST https://firebasehosting.googleapis.com/v1beta1/projects/1057881499048/sites/ingles-a-bordo/versions/cd2101df7b7805a3:populateFiles 200
[debug] [2025-03-04T02:46:16.415Z] <<< [apiv2][body] POST https://firebasehosting.googleapis.com/v1beta1/projects/1057881499048/sites/ingles-a-bordo/versions/cd2101df7b7805a3:populateFiles {"uploadRequiredHashes":["30013113075bbabc95bd37f634965e4033ca2cf8fbb8985f3287a13362047c7d","30751a6db942dcbad9740652641c66f3a24deb5324556932db205fccc9fd94a5","c7efd5bcecdb197140791f1f1d0d582533d8c09246cb2c822310b557219bbae4","2053e0916b59ea33e0c8e5c46f077e6991f32a761c41578f79879598f0ee3451","e309811b3649ea4d228b5186997f8bc71cb4ff50ed6667a896b51665766473a9","995e18e0f6955c1ab3d6b17f4df82b87d1aa79dcd57de943c80f2b1cd21d05b6","52b842254c0d9667c561acad2ba7fa958e6336a24395b326c77442b7cba6a53f","1f72a65f751eada52bc7c0b132288c47bd4fe153f0bfb23d8210bc1052464adb"],"uploadUrl":"https://upload-firebasehosting.googleapis.com/upload/sites/ingles-a-bordo/versions/cd2101df7b7805a3/files"}
[debug] [2025-03-04T02:46:16.416Z] Checked if tokens are valid: true, expires at: 1741059937395
[debug] [2025-03-04T02:46:16.416Z] Checked if tokens are valid: true, expires at: 1741059937395
[debug] [2025-03-04T02:46:16.416Z] Checked if tokens are valid: true, expires at: 1741059937395
[debug] [2025-03-04T02:46:16.416Z] Checked if tokens are valid: true, expires at: 1741059937395
[debug] [2025-03-04T02:46:16.417Z] Checked if tokens are valid: true, expires at: 1741059937395
[debug] [2025-03-04T02:46:16.417Z] Checked if tokens are valid: true, expires at: 1741059937395
[debug] [2025-03-04T02:46:16.418Z] Checked if tokens are valid: true, expires at: 1741059937395
[debug] [2025-03-04T02:46:16.418Z] Checked if tokens are valid: true, expires at: 1741059937395
[debug] [2025-03-04T02:46:16.418Z] Checked if tokens are valid: true, expires at: 1741059937395
[debug] [2025-03-04T02:46:16.418Z] Checked if tokens are valid: true, expires at: 1741059937395
[debug] [2025-03-04T02:46:16.418Z] Checked if tokens are valid: true, expires at: 1741059937395
[debug] [2025-03-04T02:46:16.418Z] Checked if tokens are valid: true, expires at: 1741059937395
[debug] [2025-03-04T02:46:16.418Z] Checked if tokens are valid: true, expires at: 1741059937395
[debug] [2025-03-04T02:46:16.418Z] Checked if tokens are valid: true, expires at: 1741059937395
[debug] [2025-03-04T02:46:16.418Z] Checked if tokens are valid: true, expires at: 1741059937395
[debug] [2025-03-04T02:46:16.418Z] Checked if tokens are valid: true, expires at: 1741059937395
[debug] [2025-03-04T02:46:16.419Z] >>> [apiv2][query] POST https://upload-firebasehosting.googleapis.com/upload/sites/ingles-a-bordo/versions/cd2101df7b7805a3/files/30013113075bbabc95bd37f634965e4033ca2cf8fbb8985f3287a13362047c7d [none]
[debug] [2025-03-04T02:46:16.419Z] >>> [apiv2][body] POST https://upload-firebasehosting.googleapis.com/upload/sites/ingles-a-bordo/versions/cd2101df7b7805a3/files/30013113075bbabc95bd37f634965e4033ca2cf8fbb8985f3287a13362047c7d [stream]
[debug] [2025-03-04T02:46:16.420Z] >>> [apiv2][query] POST https://upload-firebasehosting.googleapis.com/upload/sites/ingles-a-bordo/versions/cd2101df7b7805a3/files/30751a6db942dcbad9740652641c66f3a24deb5324556932db205fccc9fd94a5 [none]
[debug] [2025-03-04T02:46:16.420Z] >>> [apiv2][body] POST https://upload-firebasehosting.googleapis.com/upload/sites/ingles-a-bordo/versions/cd2101df7b7805a3/files/30751a6db942dcbad9740652641c66f3a24deb5324556932db205fccc9fd94a5 [stream]
[debug] [2025-03-04T02:46:16.422Z] >>> [apiv2][query] POST https://upload-firebasehosting.googleapis.com/upload/sites/ingles-a-bordo/versions/cd2101df7b7805a3/files/c7efd5bcecdb197140791f1f1d0d582533d8c09246cb2c822310b557219bbae4 [none]
[debug] [2025-03-04T02:46:16.422Z] >>> [apiv2][body] POST https://upload-firebasehosting.googleapis.com/upload/sites/ingles-a-bordo/versions/cd2101df7b7805a3/files/c7efd5bcecdb197140791f1f1d0d582533d8c09246cb2c822310b557219bbae4 [stream]
[debug] [2025-03-04T02:46:16.423Z] >>> [apiv2][query] POST https://upload-firebasehosting.googleapis.com/upload/sites/ingles-a-bordo/versions/cd2101df7b7805a3/files/2053e0916b59ea33e0c8e5c46f077e6991f32a761c41578f79879598f0ee3451 [none]
[debug] [2025-03-04T02:46:16.423Z] >>> [apiv2][body] POST https://upload-firebasehosting.googleapis.com/upload/sites/ingles-a-bordo/versions/cd2101df7b7805a3/files/2053e0916b59ea33e0c8e5c46f077e6991f32a761c41578f79879598f0ee3451 [stream]
[debug] [2025-03-04T02:46:16.424Z] >>> [apiv2][query] POST https://upload-firebasehosting.googleapis.com/upload/sites/ingles-a-bordo/versions/cd2101df7b7805a3/files/e309811b3649ea4d228b5186997f8bc71cb4ff50ed6667a896b51665766473a9 [none]
[debug] [2025-03-04T02:46:16.424Z] >>> [apiv2][body] POST https://upload-firebasehosting.googleapis.com/upload/sites/ingles-a-bordo/versions/cd2101df7b7805a3/files/e309811b3649ea4d228b5186997f8bc71cb4ff50ed6667a896b51665766473a9 [stream]
[debug] [2025-03-04T02:46:16.425Z] >>> [apiv2][query] POST https://upload-firebasehosting.googleapis.com/upload/sites/ingles-a-bordo/versions/cd2101df7b7805a3/files/995e18e0f6955c1ab3d6b17f4df82b87d1aa79dcd57de943c80f2b1cd21d05b6 [none]
[debug] [2025-03-04T02:46:16.425Z] >>> [apiv2][body] POST https://upload-firebasehosting.googleapis.com/upload/sites/ingles-a-bordo/versions/cd2101df7b7805a3/files/995e18e0f6955c1ab3d6b17f4df82b87d1aa79dcd57de943c80f2b1cd21d05b6 [stream]
[debug] [2025-03-04T02:46:16.426Z] >>> [apiv2][query] POST https://upload-firebasehosting.googleapis.com/upload/sites/ingles-a-bordo/versions/cd2101df7b7805a3/files/52b842254c0d9667c561acad2ba7fa958e6336a24395b326c77442b7cba6a53f [none]
[debug] [2025-03-04T02:46:16.426Z] >>> [apiv2][body] POST https://upload-firebasehosting.googleapis.com/upload/sites/ingles-a-bordo/versions/cd2101df7b7805a3/files/52b842254c0d9667c561acad2ba7fa958e6336a24395b326c77442b7cba6a53f [stream]
[debug] [2025-03-04T02:46:16.427Z] >>> [apiv2][query] POST https://upload-firebasehosting.googleapis.com/upload/sites/ingles-a-bordo/versions/cd2101df7b7805a3/files/1f72a65f751eada52bc7c0b132288c47bd4fe153f0bfb23d8210bc1052464adb [none]
[debug] [2025-03-04T02:46:16.427Z] >>> [apiv2][body] POST https://upload-firebasehosting.googleapis.com/upload/sites/ingles-a-bordo/versions/cd2101df7b7805a3/files/1f72a65f751eada52bc7c0b132288c47bd4fe153f0bfb23d8210bc1052464adb [stream]
[debug] [2025-03-04T02:46:16.428Z] [hosting][populate queue][FINAL] {"max":1037,"min":1037,"avg":1037,"active":0,"complete":1,"success":1,"errored":0,"retried":0,"total":1,"elapsed":1046}
[debug] [2025-03-04T02:46:16.428Z] [hosting] uploads queued: 8
[debug] [2025-03-04T02:46:17.981Z] <<< [apiv2][status] POST https://upload-firebasehosting.googleapis.com/upload/sites/ingles-a-bordo/versions/cd2101df7b7805a3/files/52b842254c0d9667c561acad2ba7fa958e6336a24395b326c77442b7cba6a53f 200
[debug] [2025-03-04T02:46:17.982Z] <<< [apiv2][body] POST https://upload-firebasehosting.googleapis.com/upload/sites/ingles-a-bordo/versions/cd2101df7b7805a3/files/52b842254c0d9667c561acad2ba7fa958e6336a24395b326c77442b7cba6a53f [stream]
[debug] [2025-03-04T02:46:18.046Z] <<< [apiv2][status] POST https://upload-firebasehosting.googleapis.com/upload/sites/ingles-a-bordo/versions/cd2101df7b7805a3/files/30751a6db942dcbad9740652641c66f3a24deb5324556932db205fccc9fd94a5 200
[debug] [2025-03-04T02:46:18.047Z] <<< [apiv2][body] POST https://upload-firebasehosting.googleapis.com/upload/sites/ingles-a-bordo/versions/cd2101df7b7805a3/files/30751a6db942dcbad9740652641c66f3a24deb5324556932db205fccc9fd94a5 [stream]
[debug] [2025-03-04T02:46:18.068Z] <<< [apiv2][status] POST https://upload-firebasehosting.googleapis.com/upload/sites/ingles-a-bordo/versions/cd2101df7b7805a3/files/30013113075bbabc95bd37f634965e4033ca2cf8fbb8985f3287a13362047c7d 200
[debug] [2025-03-04T02:46:18.068Z] <<< [apiv2][body] POST https://upload-firebasehosting.googleapis.com/upload/sites/ingles-a-bordo/versions/cd2101df7b7805a3/files/30013113075bbabc95bd37f634965e4033ca2cf8fbb8985f3287a13362047c7d [stream]
[debug] [2025-03-04T02:46:18.401Z] <<< [apiv2][status] POST https://upload-firebasehosting.googleapis.com/upload/sites/ingles-a-bordo/versions/cd2101df7b7805a3/files/1f72a65f751eada52bc7c0b132288c47bd4fe153f0bfb23d8210bc1052464adb 200
[debug] [2025-03-04T02:46:18.401Z] <<< [apiv2][body] POST https://upload-firebasehosting.googleapis.com/upload/sites/ingles-a-bordo/versions/cd2101df7b7805a3/files/1f72a65f751eada52bc7c0b132288c47bd4fe153f0bfb23d8210bc1052464adb [stream]
[debug] [2025-03-04T02:46:18.424Z] <<< [apiv2][status] POST https://upload-firebasehosting.googleapis.com/upload/sites/ingles-a-bordo/versions/cd2101df7b7805a3/files/2053e0916b59ea33e0c8e5c46f077e6991f32a761c41578f79879598f0ee3451 200
[debug] [2025-03-04T02:46:18.424Z] <<< [apiv2][body] POST https://upload-firebasehosting.googleapis.com/upload/sites/ingles-a-bordo/versions/cd2101df7b7805a3/files/2053e0916b59ea33e0c8e5c46f077e6991f32a761c41578f79879598f0ee3451 [stream]
[debug] [2025-03-04T02:46:18.471Z] <<< [apiv2][status] POST https://upload-firebasehosting.googleapis.com/upload/sites/ingles-a-bordo/versions/cd2101df7b7805a3/files/c7efd5bcecdb197140791f1f1d0d582533d8c09246cb2c822310b557219bbae4 200
[debug] [2025-03-04T02:46:18.472Z] <<< [apiv2][body] POST https://upload-firebasehosting.googleapis.com/upload/sites/ingles-a-bordo/versions/cd2101df7b7805a3/files/c7efd5bcecdb197140791f1f1d0d582533d8c09246cb2c822310b557219bbae4 [stream]
[debug] [2025-03-04T02:46:18.522Z] <<< [apiv2][status] POST https://upload-firebasehosting.googleapis.com/upload/sites/ingles-a-bordo/versions/cd2101df7b7805a3/files/995e18e0f6955c1ab3d6b17f4df82b87d1aa79dcd57de943c80f2b1cd21d05b6 200
[debug] [2025-03-04T02:46:18.523Z] <<< [apiv2][body] POST https://upload-firebasehosting.googleapis.com/upload/sites/ingles-a-bordo/versions/cd2101df7b7805a3/files/995e18e0f6955c1ab3d6b17f4df82b87d1aa79dcd57de943c80f2b1cd21d05b6 [stream]
[debug] [2025-03-04T02:46:18.971Z] <<< [apiv2][status] POST https://upload-firebasehosting.googleapis.com/upload/sites/ingles-a-bordo/versions/cd2101df7b7805a3/files/e309811b3649ea4d228b5186997f8bc71cb4ff50ed6667a896b51665766473a9 200
[debug] [2025-03-04T02:46:18.971Z] <<< [apiv2][body] POST https://upload-firebasehosting.googleapis.com/upload/sites/ingles-a-bordo/versions/cd2101df7b7805a3/files/e309811b3649ea4d228b5186997f8bc71cb4ff50ed6667a896b51665766473a9 [stream]
[debug] [2025-03-04T02:46:18.971Z] [hosting][upload queue][FINAL] {"max":2553,"min":1564,"avg":1943.875,"active":0,"complete":8,"success":8,"errored":0,"retried":0,"total":8,"elapsed":2555}
[info] ✔  hosting[ingles-a-bordo]: file upload complete 
[debug] [2025-03-04T02:46:18.973Z] [hosting] deploy completed after 3991ms
[debug] [2025-03-04T02:46:18.974Z] [rules] releasing firebase.storage/ingles-a-bordo.firebasestorage.app with ruleset projects/ingles-a-bordo/rulesets/ecff05dd-9226-466a-aaee-6ab4c6fc33bc
[debug] [2025-03-04T02:46:18.974Z] Checked if tokens are valid: true, expires at: 1741059937395
[debug] [2025-03-04T02:46:18.974Z] Checked if tokens are valid: true, expires at: 1741059937395
[debug] [2025-03-04T02:46:18.975Z] >>> [apiv2][query] PATCH https://firebaserules.googleapis.com/v1/projects/ingles-a-bordo/releases/firebase.storage/ingles-a-bordo.firebasestorage.app [none]
[debug] [2025-03-04T02:46:18.975Z] >>> [apiv2][body] PATCH https://firebaserules.googleapis.com/v1/projects/ingles-a-bordo/releases/firebase.storage/ingles-a-bordo.firebasestorage.app {"release":{"name":"projects/ingles-a-bordo/releases/firebase.storage/ingles-a-bordo.firebasestorage.app","rulesetName":"projects/ingles-a-bordo/rulesets/ecff05dd-9226-466a-aaee-6ab4c6fc33bc"}}
[debug] [2025-03-04T02:46:20.094Z] <<< [apiv2][status] PATCH https://firebaserules.googleapis.com/v1/projects/ingles-a-bordo/releases/firebase.storage/ingles-a-bordo.firebasestorage.app 200
[debug] [2025-03-04T02:46:20.094Z] <<< [apiv2][body] PATCH https://firebaserules.googleapis.com/v1/projects/ingles-a-bordo/releases/firebase.storage/ingles-a-bordo.firebasestorage.app {"name":"projects/ingles-a-bordo/releases/firebase.storage/ingles-a-bordo.firebasestorage.app","rulesetName":"projects/ingles-a-bordo/rulesets/ecff05dd-9226-466a-aaee-6ab4c6fc33bc","createTime":"2025-02-08T22:21:48.679090Z","updateTime":"2025-03-04T02:46:20.180578Z"}
[debug] [2025-03-04T02:46:20.094Z] [rules] updated release projects/ingles-a-bordo/releases/firebase.storage/ingles-a-bordo.firebasestorage.app
[info] ✔  storage: released rules storage.rules to firebase.storage 
[debug] [2025-03-04T02:46:20.095Z] [rules] releasing cloud.firestore/(default) with ruleset projects/ingles-a-bordo/rulesets/841a1e4e-eb54-4ba9-9dea-1bc117ea17ed
[debug] [2025-03-04T02:46:20.095Z] Checked if tokens are valid: true, expires at: 1741059937395
[debug] [2025-03-04T02:46:20.095Z] Checked if tokens are valid: true, expires at: 1741059937395
[debug] [2025-03-04T02:46:20.095Z] >>> [apiv2][query] PATCH https://firebaserules.googleapis.com/v1/projects/ingles-a-bordo/releases/cloud.firestore/(default) [none]
[debug] [2025-03-04T02:46:20.095Z] >>> [apiv2][body] PATCH https://firebaserules.googleapis.com/v1/projects/ingles-a-bordo/releases/cloud.firestore/(default) {"release":{"name":"projects/ingles-a-bordo/releases/cloud.firestore/(default)","rulesetName":"projects/ingles-a-bordo/rulesets/841a1e4e-eb54-4ba9-9dea-1bc117ea17ed"}}
[debug] [2025-03-04T02:46:21.112Z] <<< [apiv2][status] PATCH https://firebaserules.googleapis.com/v1/projects/ingles-a-bordo/releases/cloud.firestore/(default) 200
[debug] [2025-03-04T02:46:21.113Z] <<< [apiv2][body] PATCH https://firebaserules.googleapis.com/v1/projects/ingles-a-bordo/releases/cloud.firestore/(default) {"name":"projects/ingles-a-bordo/releases/cloud.firestore","rulesetName":"projects/ingles-a-bordo/rulesets/841a1e4e-eb54-4ba9-9dea-1bc117ea17ed","createTime":"2025-02-08T02:44:17.173437Z","updateTime":"2025-03-04T02:46:21.199106Z"}
[debug] [2025-03-04T02:46:21.113Z] [rules] updated release projects/ingles-a-bordo/releases/cloud.firestore
[info] ✔  firestore: released rules firestore.rules to cloud.firestore 
[info] i  functions: updating Node.js 20 (2nd Gen) function deleteAuthUser(us-central1)... 
[info] i  functions: updating Node.js 20 (2nd Gen) function deleteAuthUserHttp(us-central1)... 
[info] i  functions: updating Node.js 20 (2nd Gen) function checkUserExists(us-central1)... 
[info] i  functions: updating Node.js 20 (2nd Gen) function checkUserExistsHttp(us-central1)... 
[debug] [2025-03-04T02:46:21.121Z] Checked if tokens are valid: true, expires at: 1741059937395
[debug] [2025-03-04T02:46:21.121Z] Checked if tokens are valid: true, expires at: 1741059937395
[debug] [2025-03-04T02:46:21.121Z] >>> [apiv2][query] PATCH https://cloudfunctions.googleapis.com/v2/projects/ingles-a-bordo/locations/us-central1/functions/deleteAuthUser updateMask=name%2CbuildConfig.runtime%2CbuildConfig.entryPoint%2CbuildConfig.source.storageSource.bucket%2CbuildConfig.source.storageSource.object%2CbuildConfig.environmentVariables%2CbuildConfig.sourceToken%2CserviceConfig.environmentVariables%2CserviceConfig.ingressSettings%2CserviceConfig.timeoutSeconds%2CserviceConfig.serviceAccountEmail%2CserviceConfig.availableMemory%2CserviceConfig.minInstanceCount%2CserviceConfig.maxInstanceCount%2CserviceConfig.maxInstanceRequestConcurrency%2CserviceConfig.availableCpu%2CserviceConfig.vpcConnector%2CserviceConfig.vpcConnectorEgressSettings%2Clabels%2CbuildConfig.buildEnvironmentVariables
[debug] [2025-03-04T02:46:21.121Z] >>> [apiv2][body] PATCH https://cloudfunctions.googleapis.com/v2/projects/ingles-a-bordo/locations/us-central1/functions/deleteAuthUser {"name":"projects/ingles-a-bordo/locations/us-central1/functions/deleteAuthUser","buildConfig":{"runtime":"nodejs20","entryPoint":"deleteAuthUser","source":{"storageSource":{"bucket":"gcf-v2-uploads-1057881499048.us-central1.cloudfunctions.appspot.com","object":"2b45474c-ba51-420a-bea5-631449373e0d.zip"}},"environmentVariables":{"GOOGLE_NODE_RUN_SCRIPTS":""}},"serviceConfig":{"environmentVariables":{"FIREBASE_CONFIG":"{\"projectId\":\"ingles-a-bordo\",\"storageBucket\":\"ingles-a-bordo.firebasestorage.app\"}","GCLOUD_PROJECT":"ingles-a-bordo","EVENTARC_CLOUD_EVENT_SOURCE":"projects/ingles-a-bordo/locations/us-central1/services/deleteAuthUser","FUNCTION_TARGET":"deleteAuthUser","LOG_EXECUTION_ID":"true","FUNCTION_SIGNATURE_TYPE":"http"},"ingressSettings":null,"timeoutSeconds":null,"serviceAccountEmail":null,"availableMemory":"256Mi","minInstanceCount":null,"maxInstanceCount":10,"maxInstanceRequestConcurrency":80,"availableCpu":"1","vpcConnector":null,"vpcConnectorEgressSettings":null},"labels":{"deployment-tool":"cli-firebase","deployment-callable":"true","firebase-functions-hash":"a14a5abd337e6399eab9aef7c5ea0ada786c50c0"}}
[debug] [2025-03-04T02:46:23.211Z] <<< [apiv2][status] PATCH https://cloudfunctions.googleapis.com/v2/projects/ingles-a-bordo/locations/us-central1/functions/deleteAuthUser 200
[debug] [2025-03-04T02:46:23.211Z] <<< [apiv2][body] PATCH https://cloudfunctions.googleapis.com/v2/projects/ingles-a-bordo/locations/us-central1/functions/deleteAuthUser {"name":"projects/ingles-a-bordo/locations/us-central1/operations/operation-1741056382253-62f7b4732b93d-e7cb513c-55a98d45","metadata":{"@type":"type.googleapis.com/google.cloud.functions.v2.OperationMetadata","createTime":"2025-03-04T02:46:23.290423553Z","target":"projects/ingles-a-bordo/locations/us-central1/functions/deleteAuthUser","verb":"update","cancelRequested":false,"apiVersion":"v2"},"done":false}
[debug] [2025-03-04T02:46:23.213Z] Checked if tokens are valid: true, expires at: 1741059937395
[debug] [2025-03-04T02:46:23.213Z] Checked if tokens are valid: true, expires at: 1741059937395
[debug] [2025-03-04T02:46:23.213Z] >>> [apiv2][query] GET https://cloudfunctions.googleapis.com/v2/projects/ingles-a-bordo/locations/us-central1/operations/operation-1741056382253-62f7b4732b93d-e7cb513c-55a98d45 [none]
[debug] [2025-03-04T02:46:24.258Z] <<< [apiv2][status] GET https://cloudfunctions.googleapis.com/v2/projects/ingles-a-bordo/locations/us-central1/operations/operation-1741056382253-62f7b4732b93d-e7cb513c-55a98d45 200
[debug] [2025-03-04T02:46:24.259Z] <<< [apiv2][body] GET https://cloudfunctions.googleapis.com/v2/projects/ingles-a-bordo/locations/us-central1/operations/operation-1741056382253-62f7b4732b93d-e7cb513c-55a98d45 {"name":"projects/ingles-a-bordo/locations/us-central1/operations/operation-1741056382253-62f7b4732b93d-e7cb513c-55a98d45","metadata":{"@type":"type.googleapis.com/google.cloud.functions.v2.OperationMetadata","createTime":"2025-03-04T02:46:23.290423553Z","target":"projects/ingles-a-bordo/locations/us-central1/functions/deleteAuthUser","verb":"update","cancelRequested":false,"apiVersion":"v2","requestResource":{"@type":"type.googleapis.com/google.cloud.functions.v2.Function","name":"projects/ingles-a-bordo/locations/us-central1/functions/deleteAuthUser","buildConfig":{"runtime":"nodejs20","entryPoint":"deleteAuthUser","source":{"storageSource":{"bucket":"gcf-v2-sources-1057881499048-us-central1","object":"deleteAuthUser/function-source.zip","generation":"1741056383157936"}},"environmentVariables":{"GOOGLE_NODE_RUN_SCRIPTS":""},"dockerRepository":"projects/ingles-a-bordo/locations/us-central1/repositories/gcf-artifacts","sourceProvenance":{"resolvedStorageSource":{"bucket":"gcf-v2-sources-1057881499048-us-central1","object":"deleteAuthUser/function-source.zip","generation":"1740976122259953"}},"dockerRegistry":"ARTIFACT_REGISTRY","serviceAccount":"projects/ingles-a-bordo/serviceAccounts/1057881499048-compute@developer.gserviceaccount.com","automaticUpdatePolicy":{}},"serviceConfig":{"service":"projects/ingles-a-bordo/locations/us-central1/services/deleteauthuser","timeoutSeconds":60,"environmentVariables":{"FIREBASE_CONFIG":"{\"projectId\":\"ingles-a-bordo\",\"storageBucket\":\"ingles-a-bordo.firebasestorage.app\"}","GCLOUD_PROJECT":"ingles-a-bordo","EVENTARC_CLOUD_EVENT_SOURCE":"projects/ingles-a-bordo/locations/us-central1/services/deleteAuthUser","FUNCTION_TARGET":"deleteAuthUser","LOG_EXECUTION_ID":"true","FUNCTION_SIGNATURE_TYPE":"http"},"maxInstanceCount":10,"ingressSettings":"ALLOW_ALL","uri":"https://deleteauthuser-pdmxhbsy2q-uc.a.run.app","serviceAccountEmail":"1057881499048-compute@developer.gserviceaccount.com","availableMemory":"256Mi","allTrafficOnLatestRevision":true,"revision":"deleteauthuser-00033-pag","maxInstanceRequestConcurrency":80,"availableCpu":"1"},"state":"ACTIVE","labels":{"deployment-tool":"cloudfunctions","deployment-callable":"true","firebase-functions-hash":"a14a5abd337e6399eab9aef7c5ea0ada786c50c0"},"environment":"GEN_2","url":"https://us-central1-ingles-a-bordo.cloudfunctions.net/deleteAuthUser","satisfiesPzi":true},"stages":[{"name":"BUILD","message":"Build in progress","state":"IN_PROGRESS","resource":"projects/1057881499048/locations/us-central1/builds/f2dcc669-161e-434a-98c4-499675ea1172","resourceUri":"https://console.cloud.google.com/cloud-build/builds;region=us-central1/f2dcc669-161e-434a-98c4-499675ea1172?project=1057881499048"},{"name":"SERVICE","state":"NOT_STARTED"}],"operationType":"UPDATE_FUNCTION","buildName":"projects/1057881499048/locations/us-central1/builds/f2dcc669-161e-434a-98c4-499675ea1172"},"done":false}
[debug] [2025-03-04T02:46:24.761Z] [update-default-us-central1-deleteAuthUser] Retrying task index 0
[debug] [2025-03-04T02:46:24.762Z] Checked if tokens are valid: true, expires at: 1741059937395
[debug] [2025-03-04T02:46:24.762Z] Checked if tokens are valid: true, expires at: 1741059937395
[debug] [2025-03-04T02:46:24.762Z] >>> [apiv2][query] GET https://cloudfunctions.googleapis.com/v2/projects/ingles-a-bordo/locations/us-central1/operations/operation-1741056382253-62f7b4732b93d-e7cb513c-55a98d45 [none]
[debug] [2025-03-04T02:46:25.723Z] <<< [apiv2][status] GET https://cloudfunctions.googleapis.com/v2/projects/ingles-a-bordo/locations/us-central1/operations/operation-1741056382253-62f7b4732b93d-e7cb513c-55a98d45 200
[debug] [2025-03-04T02:46:25.724Z] <<< [apiv2][body] GET https://cloudfunctions.googleapis.com/v2/projects/ingles-a-bordo/locations/us-central1/operations/operation-1741056382253-62f7b4732b93d-e7cb513c-55a98d45 {"name":"projects/ingles-a-bordo/locations/us-central1/operations/operation-1741056382253-62f7b4732b93d-e7cb513c-55a98d45","metadata":{"@type":"type.googleapis.com/google.cloud.functions.v2.OperationMetadata","createTime":"2025-03-04T02:46:23.290423553Z","target":"projects/ingles-a-bordo/locations/us-central1/functions/deleteAuthUser","verb":"update","cancelRequested":false,"apiVersion":"v2","requestResource":{"@type":"type.googleapis.com/google.cloud.functions.v2.Function","name":"projects/ingles-a-bordo/locations/us-central1/functions/deleteAuthUser","buildConfig":{"runtime":"nodejs20","entryPoint":"deleteAuthUser","source":{"storageSource":{"bucket":"gcf-v2-sources-1057881499048-us-central1","object":"deleteAuthUser/function-source.zip","generation":"1741056383157936"}},"environmentVariables":{"GOOGLE_NODE_RUN_SCRIPTS":""},"dockerRepository":"projects/ingles-a-bordo/locations/us-central1/repositories/gcf-artifacts","sourceProvenance":{"resolvedStorageSource":{"bucket":"gcf-v2-sources-1057881499048-us-central1","object":"deleteAuthUser/function-source.zip","generation":"1740976122259953"}},"dockerRegistry":"ARTIFACT_REGISTRY","serviceAccount":"projects/ingles-a-bordo/serviceAccounts/1057881499048-compute@developer.gserviceaccount.com","automaticUpdatePolicy":{}},"serviceConfig":{"service":"projects/ingles-a-bordo/locations/us-central1/services/deleteauthuser","timeoutSeconds":60,"environmentVariables":{"FIREBASE_CONFIG":"{\"projectId\":\"ingles-a-bordo\",\"storageBucket\":\"ingles-a-bordo.firebasestorage.app\"}","GCLOUD_PROJECT":"ingles-a-bordo","EVENTARC_CLOUD_EVENT_SOURCE":"projects/ingles-a-bordo/locations/us-central1/services/deleteAuthUser","FUNCTION_TARGET":"deleteAuthUser","LOG_EXECUTION_ID":"true","FUNCTION_SIGNATURE_TYPE":"http"},"maxInstanceCount":10,"ingressSettings":"ALLOW_ALL","uri":"https://deleteauthuser-pdmxhbsy2q-uc.a.run.app","serviceAccountEmail":"1057881499048-compute@developer.gserviceaccount.com","availableMemory":"256Mi","allTrafficOnLatestRevision":true,"revision":"deleteauthuser-00033-pag","maxInstanceRequestConcurrency":80,"availableCpu":"1"},"state":"ACTIVE","labels":{"deployment-tool":"cloudfunctions","deployment-callable":"true","firebase-functions-hash":"a14a5abd337e6399eab9aef7c5ea0ada786c50c0"},"environment":"GEN_2","url":"https://us-central1-ingles-a-bordo.cloudfunctions.net/deleteAuthUser","satisfiesPzi":true},"stages":[{"name":"BUILD","message":"Build in progress","state":"IN_PROGRESS","resource":"projects/1057881499048/locations/us-central1/builds/f2dcc669-161e-434a-98c4-499675ea1172","resourceUri":"https://console.cloud.google.com/cloud-build/builds;region=us-central1/f2dcc669-161e-434a-98c4-499675ea1172?project=1057881499048"},{"name":"SERVICE","state":"NOT_STARTED"}],"operationType":"UPDATE_FUNCTION","buildName":"projects/1057881499048/locations/us-central1/builds/f2dcc669-161e-434a-98c4-499675ea1172"},"done":false}
[debug] [2025-03-04T02:46:26.725Z] [update-default-us-central1-deleteAuthUser] Retrying task index 0
[debug] [2025-03-04T02:46:26.726Z] Checked if tokens are valid: true, expires at: 1741059937395
[debug] [2025-03-04T02:46:26.726Z] Checked if tokens are valid: true, expires at: 1741059937395
[debug] [2025-03-04T02:46:26.726Z] >>> [apiv2][query] GET https://cloudfunctions.googleapis.com/v2/projects/ingles-a-bordo/locations/us-central1/operations/operation-1741056382253-62f7b4732b93d-e7cb513c-55a98d45 [none]
[debug] [2025-03-04T02:46:27.782Z] <<< [apiv2][status] GET https://cloudfunctions.googleapis.com/v2/projects/ingles-a-bordo/locations/us-central1/operations/operation-1741056382253-62f7b4732b93d-e7cb513c-55a98d45 200
[debug] [2025-03-04T02:46:27.782Z] <<< [apiv2][body] GET https://cloudfunctions.googleapis.com/v2/projects/ingles-a-bordo/locations/us-central1/operations/operation-1741056382253-62f7b4732b93d-e7cb513c-55a98d45 {"name":"projects/ingles-a-bordo/locations/us-central1/operations/operation-1741056382253-62f7b4732b93d-e7cb513c-55a98d45","metadata":{"@type":"type.googleapis.com/google.cloud.functions.v2.OperationMetadata","createTime":"2025-03-04T02:46:23.290423553Z","target":"projects/ingles-a-bordo/locations/us-central1/functions/deleteAuthUser","verb":"update","cancelRequested":false,"apiVersion":"v2","requestResource":{"@type":"type.googleapis.com/google.cloud.functions.v2.Function","name":"projects/ingles-a-bordo/locations/us-central1/functions/deleteAuthUser","buildConfig":{"runtime":"nodejs20","entryPoint":"deleteAuthUser","source":{"storageSource":{"bucket":"gcf-v2-sources-1057881499048-us-central1","object":"deleteAuthUser/function-source.zip","generation":"1741056383157936"}},"environmentVariables":{"GOOGLE_NODE_RUN_SCRIPTS":""},"dockerRepository":"projects/ingles-a-bordo/locations/us-central1/repositories/gcf-artifacts","sourceProvenance":{"resolvedStorageSource":{"bucket":"gcf-v2-sources-1057881499048-us-central1","object":"deleteAuthUser/function-source.zip","generation":"1740976122259953"}},"dockerRegistry":"ARTIFACT_REGISTRY","serviceAccount":"projects/ingles-a-bordo/serviceAccounts/1057881499048-compute@developer.gserviceaccount.com","automaticUpdatePolicy":{}},"serviceConfig":{"service":"projects/ingles-a-bordo/locations/us-central1/services/deleteauthuser","timeoutSeconds":60,"environmentVariables":{"FIREBASE_CONFIG":"{\"projectId\":\"ingles-a-bordo\",\"storageBucket\":\"ingles-a-bordo.firebasestorage.app\"}","GCLOUD_PROJECT":"ingles-a-bordo","EVENTARC_CLOUD_EVENT_SOURCE":"projects/ingles-a-bordo/locations/us-central1/services/deleteAuthUser","FUNCTION_TARGET":"deleteAuthUser","LOG_EXECUTION_ID":"true","FUNCTION_SIGNATURE_TYPE":"http"},"maxInstanceCount":10,"ingressSettings":"ALLOW_ALL","uri":"https://deleteauthuser-pdmxhbsy2q-uc.a.run.app","serviceAccountEmail":"1057881499048-compute@developer.gserviceaccount.com","availableMemory":"256Mi","allTrafficOnLatestRevision":true,"revision":"deleteauthuser-00033-pag","maxInstanceRequestConcurrency":80,"availableCpu":"1"},"state":"ACTIVE","labels":{"deployment-tool":"cloudfunctions","deployment-callable":"true","firebase-functions-hash":"a14a5abd337e6399eab9aef7c5ea0ada786c50c0"},"environment":"GEN_2","url":"https://us-central1-ingles-a-bordo.cloudfunctions.net/deleteAuthUser","satisfiesPzi":true},"stages":[{"name":"BUILD","message":"Build in progress","state":"IN_PROGRESS","resource":"projects/1057881499048/locations/us-central1/builds/f2dcc669-161e-434a-98c4-499675ea1172","resourceUri":"https://console.cloud.google.com/cloud-build/builds;region=us-central1/f2dcc669-161e-434a-98c4-499675ea1172?project=1057881499048"},{"name":"SERVICE","state":"NOT_STARTED"}],"operationType":"UPDATE_FUNCTION","buildName":"projects/1057881499048/locations/us-central1/builds/f2dcc669-161e-434a-98c4-499675ea1172"},"done":false}
[debug] [2025-03-04T02:46:29.784Z] [update-default-us-central1-deleteAuthUser] Retrying task index 0
[debug] [2025-03-04T02:46:29.784Z] Checked if tokens are valid: true, expires at: 1741059937395
[debug] [2025-03-04T02:46:29.784Z] Checked if tokens are valid: true, expires at: 1741059937395
[debug] [2025-03-04T02:46:29.785Z] >>> [apiv2][query] GET https://cloudfunctions.googleapis.com/v2/projects/ingles-a-bordo/locations/us-central1/operations/operation-1741056382253-62f7b4732b93d-e7cb513c-55a98d45 [none]
[debug] [2025-03-04T02:46:30.733Z] <<< [apiv2][status] GET https://cloudfunctions.googleapis.com/v2/projects/ingles-a-bordo/locations/us-central1/operations/operation-1741056382253-62f7b4732b93d-e7cb513c-55a98d45 200
[debug] [2025-03-04T02:46:30.733Z] <<< [apiv2][body] GET https://cloudfunctions.googleapis.com/v2/projects/ingles-a-bordo/locations/us-central1/operations/operation-1741056382253-62f7b4732b93d-e7cb513c-55a98d45 {"name":"projects/ingles-a-bordo/locations/us-central1/operations/operation-1741056382253-62f7b4732b93d-e7cb513c-55a98d45","metadata":{"@type":"type.googleapis.com/google.cloud.functions.v2.OperationMetadata","createTime":"2025-03-04T02:46:23.290423553Z","target":"projects/ingles-a-bordo/locations/us-central1/functions/deleteAuthUser","verb":"update","cancelRequested":false,"apiVersion":"v2","requestResource":{"@type":"type.googleapis.com/google.cloud.functions.v2.Function","name":"projects/ingles-a-bordo/locations/us-central1/functions/deleteAuthUser","buildConfig":{"runtime":"nodejs20","entryPoint":"deleteAuthUser","source":{"storageSource":{"bucket":"gcf-v2-sources-1057881499048-us-central1","object":"deleteAuthUser/function-source.zip","generation":"1741056383157936"}},"environmentVariables":{"GOOGLE_NODE_RUN_SCRIPTS":""},"dockerRepository":"projects/ingles-a-bordo/locations/us-central1/repositories/gcf-artifacts","sourceProvenance":{"resolvedStorageSource":{"bucket":"gcf-v2-sources-1057881499048-us-central1","object":"deleteAuthUser/function-source.zip","generation":"1740976122259953"}},"dockerRegistry":"ARTIFACT_REGISTRY","serviceAccount":"projects/ingles-a-bordo/serviceAccounts/1057881499048-compute@developer.gserviceaccount.com","automaticUpdatePolicy":{}},"serviceConfig":{"service":"projects/ingles-a-bordo/locations/us-central1/services/deleteauthuser","timeoutSeconds":60,"environmentVariables":{"FIREBASE_CONFIG":"{\"projectId\":\"ingles-a-bordo\",\"storageBucket\":\"ingles-a-bordo.firebasestorage.app\"}","GCLOUD_PROJECT":"ingles-a-bordo","EVENTARC_CLOUD_EVENT_SOURCE":"projects/ingles-a-bordo/locations/us-central1/services/deleteAuthUser","FUNCTION_TARGET":"deleteAuthUser","LOG_EXECUTION_ID":"true","FUNCTION_SIGNATURE_TYPE":"http"},"maxInstanceCount":10,"ingressSettings":"ALLOW_ALL","uri":"https://deleteauthuser-pdmxhbsy2q-uc.a.run.app","serviceAccountEmail":"1057881499048-compute@developer.gserviceaccount.com","availableMemory":"256Mi","allTrafficOnLatestRevision":true,"revision":"deleteauthuser-00033-pag","maxInstanceRequestConcurrency":80,"availableCpu":"1"},"state":"ACTIVE","labels":{"deployment-tool":"cloudfunctions","deployment-callable":"true","firebase-functions-hash":"a14a5abd337e6399eab9aef7c5ea0ada786c50c0"},"environment":"GEN_2","url":"https://us-central1-ingles-a-bordo.cloudfunctions.net/deleteAuthUser","satisfiesPzi":true},"stages":[{"name":"BUILD","message":"Build in progress","state":"IN_PROGRESS","resource":"projects/1057881499048/locations/us-central1/builds/f2dcc669-161e-434a-98c4-499675ea1172","resourceUri":"https://console.cloud.google.com/cloud-build/builds;region=us-central1/f2dcc669-161e-434a-98c4-499675ea1172?project=1057881499048"},{"name":"SERVICE","state":"NOT_STARTED"}],"operationType":"UPDATE_FUNCTION","buildName":"projects/1057881499048/locations/us-central1/builds/f2dcc669-161e-434a-98c4-499675ea1172"},"done":false}
[debug] [2025-03-04T02:46:34.734Z] [update-default-us-central1-deleteAuthUser] Retrying task index 0
[debug] [2025-03-04T02:46:34.735Z] Checked if tokens are valid: true, expires at: 1741059937395
[debug] [2025-03-04T02:46:34.736Z] Checked if tokens are valid: true, expires at: 1741059937395
[debug] [2025-03-04T02:46:34.736Z] >>> [apiv2][query] GET https://cloudfunctions.googleapis.com/v2/projects/ingles-a-bordo/locations/us-central1/operations/operation-1741056382253-62f7b4732b93d-e7cb513c-55a98d45 [none]
[debug] [2025-03-04T02:46:35.768Z] <<< [apiv2][status] GET https://cloudfunctions.googleapis.com/v2/projects/ingles-a-bordo/locations/us-central1/operations/operation-1741056382253-62f7b4732b93d-e7cb513c-55a98d45 200
[debug] [2025-03-04T02:46:35.769Z] <<< [apiv2][body] GET https://cloudfunctions.googleapis.com/v2/projects/ingles-a-bordo/locations/us-central1/operations/operation-1741056382253-62f7b4732b93d-e7cb513c-55a98d45 {"name":"projects/ingles-a-bordo/locations/us-central1/operations/operation-1741056382253-62f7b4732b93d-e7cb513c-55a98d45","metadata":{"@type":"type.googleapis.com/google.cloud.functions.v2.OperationMetadata","createTime":"2025-03-04T02:46:23.290423553Z","target":"projects/ingles-a-bordo/locations/us-central1/functions/deleteAuthUser","verb":"update","cancelRequested":false,"apiVersion":"v2","requestResource":{"@type":"type.googleapis.com/google.cloud.functions.v2.Function","name":"projects/ingles-a-bordo/locations/us-central1/functions/deleteAuthUser","buildConfig":{"runtime":"nodejs20","entryPoint":"deleteAuthUser","source":{"storageSource":{"bucket":"gcf-v2-sources-1057881499048-us-central1","object":"deleteAuthUser/function-source.zip","generation":"1741056383157936"}},"environmentVariables":{"GOOGLE_NODE_RUN_SCRIPTS":""},"dockerRepository":"projects/ingles-a-bordo/locations/us-central1/repositories/gcf-artifacts","sourceProvenance":{"resolvedStorageSource":{"bucket":"gcf-v2-sources-1057881499048-us-central1","object":"deleteAuthUser/function-source.zip","generation":"1740976122259953"}},"dockerRegistry":"ARTIFACT_REGISTRY","serviceAccount":"projects/ingles-a-bordo/serviceAccounts/1057881499048-compute@developer.gserviceaccount.com","automaticUpdatePolicy":{}},"serviceConfig":{"service":"projects/ingles-a-bordo/locations/us-central1/services/deleteauthuser","timeoutSeconds":60,"environmentVariables":{"FIREBASE_CONFIG":"{\"projectId\":\"ingles-a-bordo\",\"storageBucket\":\"ingles-a-bordo.firebasestorage.app\"}","GCLOUD_PROJECT":"ingles-a-bordo","EVENTARC_CLOUD_EVENT_SOURCE":"projects/ingles-a-bordo/locations/us-central1/services/deleteAuthUser","FUNCTION_TARGET":"deleteAuthUser","LOG_EXECUTION_ID":"true","FUNCTION_SIGNATURE_TYPE":"http"},"maxInstanceCount":10,"ingressSettings":"ALLOW_ALL","uri":"https://deleteauthuser-pdmxhbsy2q-uc.a.run.app","serviceAccountEmail":"1057881499048-compute@developer.gserviceaccount.com","availableMemory":"256Mi","allTrafficOnLatestRevision":true,"revision":"deleteauthuser-00033-pag","maxInstanceRequestConcurrency":80,"availableCpu":"1"},"state":"ACTIVE","labels":{"deployment-tool":"cloudfunctions","deployment-callable":"true","firebase-functions-hash":"a14a5abd337e6399eab9aef7c5ea0ada786c50c0"},"environment":"GEN_2","url":"https://us-central1-ingles-a-bordo.cloudfunctions.net/deleteAuthUser","satisfiesPzi":true},"stages":[{"name":"BUILD","message":"Build in progress","state":"IN_PROGRESS","resource":"projects/1057881499048/locations/us-central1/builds/f2dcc669-161e-434a-98c4-499675ea1172","resourceUri":"https://console.cloud.google.com/cloud-build/builds;region=us-central1/f2dcc669-161e-434a-98c4-499675ea1172?project=1057881499048"},{"name":"SERVICE","state":"NOT_STARTED"}],"operationType":"UPDATE_FUNCTION","buildName":"projects/1057881499048/locations/us-central1/builds/f2dcc669-161e-434a-98c4-499675ea1172"},"done":false}
